#
# A fatal error has been detected by the Java Runtime Environment:
#
#  SIGSEGV (0xb) at pc=0x00007f42b668d1f8, pid=10206, tid=139924475406080
#
# JRE version: 6.0_26-b03
# Java VM: Java HotSpot(TM) 64-Bit Server VM (20.1-b02 mixed mode linux-amd64 compressed oops)
# Problematic frame:
# C  [libJava_sml_ClientInterface.so+0x431f8]  sml::WorkingMemory::CreateIdWME(sml::Identifier*, char const*)+0x58
#
# If you would like to submit a bug report, please visit:
#   http://java.sun.com/webapps/bugreport/crash.jsp
# The crash happened outside the Java Virtual Machine in native code.
# See problematic frame for where to report the bug.
#

---------------  T H R E A D  ---------------

Current thread (0x00000000413b6000):  JavaThread "Thread-3" [_thread_in_native, id=10227, stack(0x00007f42b426e000,0x00007f42b4a6f000)]

siginfo:si_signo=SIGSEGV: si_errno=0, si_code=1 (SEGV_MAPERR), si_addr=0x0000000000000000

Registers:
RAX=0x000000000000000a, RBX=0x00007f42b00df9b8, RCX=0x00007f42b4a6d440, RDX=0x0000000041087160
RSP=0x00007f42b4a6d2e0, RBP=0x0000000041358360, RSI=0x0000000041358360, RDI=0x00007f42b4a6d320
R8 =0x0000000000000061, R9 =0x00007f42bd2ddff0, R10=0x00007f42b8739d41, R11=0x00007f42bcfcd170
R12=0x00007f42b64035b8, R13=0x00000000bd16db40, R14=0x0000000000000000, R15=0x00000000413b6000
RIP=0x00007f42b668d1f8, EFLAGS=0x0000000000010206, CSGSFS=0x0000000000000033, ERR=0x0000000000000004
  TRAPNO=0x000000000000000e

Top of Stack: (sp=0x00007f42b4a6d2e0)
0x00007f42b4a6d2e0:   00007f42b4a6d330 00007f42bcc26ee4
0x00007f42b4a6d2f0:   00007f42b4a6d301 00007f42bcf2e528
0x00007f42b4a6d300:   00007f42b4a6d400 000000000000000a
0x00007f42b4a6d310:   000000000000000a 00000000413b6000
0x00007f42b4a6d320:   00007f42b64035b8 00007f42b01946c8
0x00007f42b4a6d330:   00007f42b4a6d4a0 00000000413b61d0
0x00007f42b4a6d340:   0000000041358360 0000000000000000
0x00007f42b4a6d350:   00000000bd16db40 00007f42b4a6d450
0x00007f42b4a6d360:   00000000413b6000 00007f42b6679172
0x00007f42b4a6d370:   0000000000000000 00007f42b0194650
0x00007f42b4a6d380:   00007f42b0194648 00000000bd16db40
0x00007f42b4a6d390:   00007f42b4a6d418 0000000000000000
0x00007f42b4a6d3a0:   00000000bd16db40 00007f42b8739d6e
0x00007f42b4a6d3b0:   00000000bdb35222 00007f42000000b6
0x00007f42b4a6d3c0:   00000000bdb35222 00000000000000b6
0x00007f42b4a6d3d0:   00007f42b01946a0 00007f42b4a6d3d8
0x00007f42b4a6d3e0:   0000000000000000 00007f42b4a6d450
0x00007f42b4a6d3f0:   00000000bd180ea8 0000000000000000
0x00007f42b4a6d400:   00000000bd16db40 0000000000000000
0x00007f42b4a6d410:   00007f42b4a6d438 00007f42b4a6d498
0x00007f42b4a6d420:   00007f42b872e9b3 00000000bd180800
0x00007f42b4a6d430:   00007f42b8736f57 0000000000000000
0x00007f42b4a6d440:   00000000ebc54c98 0000000041358360
0x00007f42b4a6d450:   00000000413b6000 00007f42b4a6d458
0x00007f42b4a6d460:   00000000bd19932e 00007f42b4a6d4c0
0x00007f42b4a6d470:   00000000bd19bbf8 0000000000000000
0x00007f42b4a6d480:   00000000bd199378 00007f42b4a6d438
0x00007f42b4a6d490:   00007f42b4a6d4b8 00007f42b4a6d508
0x00007f42b4a6d4a0:   00007f42b872e929 0000000000000000
0x00007f42b4a6d4b0:   0000000000000000 0000000000000000
0x00007f42b4a6d4c0:   00000000ebc54c98 00007f42b4a6d4c8
0x00007f42b4a6d4d0:   00000000bdb35222 00007f42b4a6d530 

Instructions: (pc=0x00007f42b668d1f8)
0x00007f42b668d1d8:   00 48 8d 7c 24 40 48 8b 42 20 49 83 c4 18 4c 89
0x00007f42b668d1e8:   64 24 40 48 83 c0 01 48 89 42 20 48 89 44 24 30
0x00007f42b668d1f8:   41 0f b6 06 8d 48 bf 8d 50 20 80 f9 19 b9 01 00
0x00007f42b668d208:   00 00 0f 46 c2 8d 50 9f 0f be c0 80 fa 19 49 8b 

Register to memory mapping:

RAX=0x000000000000000a is an unknown value
RBX=0x00007f42b00df9b8 is an unknown value
RCX=0x00007f42b4a6d440 is pointing into the stack for thread: 0x00000000413b6000
RDX=0x0000000041087160 is an unknown value
RSP=0x00007f42b4a6d2e0 is pointing into the stack for thread: 0x00000000413b6000
RBP=0x0000000041358360 is an unknown value
RSI=0x0000000041358360 is an unknown value
RDI=0x00007f42b4a6d320 is pointing into the stack for thread: 0x00000000413b6000
R8 =0x0000000000000061 is an unknown value
R9 =0x00007f42bd2ddff0: <offset 0xa99ff0> in /usr/lib/jvm/java-6-sun-1.6.0.26/jre/lib/amd64/server/libjvm.so at 0x00007f42bc844000
R10=0x00007f42b8739d41 is an Interpreter codelet
method entry point (kind = native)  [0x00007f42b8739ae0, 0x00007f42b873a320]  2112 bytes
R11=0x00007f42bcfcd170: <offset 0x789170> in /usr/lib/jvm/java-6-sun-1.6.0.26/jre/lib/amd64/server/libjvm.so at 0x00007f42bc844000
R12=0x00007f42b64035b8: _ZNSs4_Rep20_S_empty_rep_storageE+0x18 in /usr/lib/x86_64-linux-gnu/libstdc++.so.6 at 0x00007f42b610f000
R13=0x00000000bd16db40 is an oop
{method} 
 - klass: {other class}
R14=0x0000000000000000 is an unknown value
R15=0x00000000413b6000 is a thread


Stack: [0x00007f42b426e000,0x00007f42b4a6f000],  sp=0x00007f42b4a6d2e0,  free space=8188k
Native frames: (J=compiled Java code, j=interpreted, Vv=VM code, C=native code)
C  [libJava_sml_ClientInterface.so+0x431f8]  sml::WorkingMemory::CreateIdWME(sml::Identifier*, char const*)+0x58

Java frames: (J=compiled Java code, j=interpreted, Vv=VM code)
j  sml.smlJNI.Identifier_CreateIdWME(JLsml/Identifier;Ljava/lang/String;)J+0
j  sml.Identifier.CreateIdWME(Ljava/lang/String;)Lsml/Identifier;+6
j  edu.umich.sbolt.language.ObjectRelation.translateToSoarSpeak(Lsml/Identifier;Ljava/lang/String;)V+2
j  edu.umich.sbolt.language.Sentence.translateToSoarSpeak(Lsml/Identifier;Ljava/lang/String;)V+6
j  edu.umich.sbolt.language.Parser.traslateToSoarSpeak(Lsml/Identifier;Ljava/lang/String;)V+15
j  edu.umich.sbolt.language.Parser.getSoarSpeak(Ljava/lang/String;Ledu/umich/sbolt/language/BOLTDictionary;Lsml/Identifier;)V+16
j  edu.umich.sbolt.world.Messages.updateInputLink(Lsml/Identifier;)V+48
j  edu.umich.sbolt.world.World.updateInputLink(Lsml/Identifier;)V+25
j  edu.umich.sbolt.InputLinkHandler.runEventHandler(ILjava/lang/Object;Lsml/Agent;I)V+8
v  ~StubRoutines::call_stub

---------------  P R O C E S S  ---------------

Java Threads: ( => current thread )
=>0x00000000413b6000 JavaThread "Thread-3" [_thread_in_native, id=10227, stack(0x00007f42b426e000,0x00007f42b4a6f000)]
  0x00000000413cc800 JavaThread "TimerQueue" daemon [_thread_blocked, id=10248, stack(0x00007f42adf59000,0x00007f42ae05a000)]
  0x00007f42a811c800 JavaThread "DestroyJavaVM" [_thread_blocked, id=10211, stack(0x00007f42bc4bf000,0x00007f42bc5c0000)]
  0x00007f42a80b0000 JavaThread "Timer-0" [_thread_blocked, id=10247, stack(0x00007f42ae05a000,0x00007f42ae15b000)]
  0x00007f42a805d800 JavaThread "AWT-EventQueue-0" [_thread_blocked, id=10246, stack(0x00007f42ae263000,0x00007f42ae364000)]
  0x00007f42a804d800 JavaThread "AWT-Shutdown" [_thread_blocked, id=10245, stack(0x00007f42ae44f000,0x00007f42ae550000)]
  0x00007f42a803c000 JavaThread "AWT-XAWT" daemon [_thread_in_native, id=10243, stack(0x00007f42ae550000,0x00007f42ae651000)]
  0x00007f42b0169000 JavaThread "Java2D Disposer" daemon [_thread_blocked, id=10242, stack(0x00007f42aec8d000,0x00007f42aed8e000)]
  0x00007f42b00ba000 JavaThread "Thread-0" daemon [_thread_in_native, id=10224, stack(0x00007f42b68c9000,0x00007f42b69ca000)]
  0x00007f42b0071000 JavaThread "Low Memory Detector" daemon [_thread_blocked, id=10222, stack(0x00007f42b6c13000,0x00007f42b6d14000)]
  0x00007f42b006e800 JavaThread "C2 CompilerThread1" daemon [_thread_blocked, id=10221, stack(0x00007f42b6d14000,0x00007f42b6e15000)]
  0x00007f42b006b800 JavaThread "C2 CompilerThread0" daemon [_thread_blocked, id=10220, stack(0x00007f42b6e15000,0x00007f42b6f16000)]
  0x00007f42b0069000 JavaThread "Signal Dispatcher" daemon [_thread_blocked, id=10219, stack(0x00007f42b6f16000,0x00007f42b7017000)]
  0x00007f42b004c800 JavaThread "Finalizer" daemon [_thread_blocked, id=10218, stack(0x00007f42b759b000,0x00007f42b769c000)]
  0x00007f42b004a800 JavaThread "Reference Handler" daemon [_thread_blocked, id=10217, stack(0x00007f42b769c000,0x00007f42b779d000)]

Other Threads:
  0x00007f42b0044000 VMThread [stack: 0x00007f42b779d000,0x00007f42b789e000] [id=10216]
  0x00007f42b007b800 WatcherThread [stack: 0x00007f42b6b12000,0x00007f42b6c13000] [id=10223]

VM state:not at safepoint (normal execution)

VM Mutex/Monitor currently owned by a thread: None

Heap
 PSYoungGen      total 18496K, used 8299K [0x00000000eb560000, 0x00000000eca00000, 0x0000000100000000)
  eden space 15872K, 52% used [0x00000000eb560000,0x00000000ebd7af60,0x00000000ec4e0000)
  from space 2624K, 0% used [0x00000000ec770000,0x00000000ec770000,0x00000000eca00000)
  to   space 2624K, 0% used [0x00000000ec4e0000,0x00000000ec4e0000,0x00000000ec770000)
 PSOldGen        total 42304K, used 0K [0x00000000c2000000, 0x00000000c4950000, 0x00000000eb560000)
  object space 42304K, 0% used [0x00000000c2000000,0x00000000c2000000,0x00000000c4950000)
 PSPermGen       total 21248K, used 13526K [0x00000000bce00000, 0x00000000be2c0000, 0x00000000c2000000)
  object space 21248K, 63% used [0x00000000bce00000,0x00000000bdb35820,0x00000000be2c0000)

Code Cache  [0x00007f42b8729000, 0x00007f42b8999000, 0x00007f42bb729000)
 total_blobs=494 nmethods=41 adapters=407 free_code_cache=49718080 largest_free_block=13824

Dynamic libraries:
40000000-40009000 r-xp 00000000 08:11 22285125                           /usr/lib/jvm/java-6-sun-1.6.0.26/jre/bin/java
40108000-4010a000 rwxp 00008000 08:11 22285125                           /usr/lib/jvm/java-6-sun-1.6.0.26/jre/bin/java
4105b000-41500000 rwxp 00000000 00:00 0                                  [heap]
bce00000-be2c0000 rwxp 00000000 00:00 0 
be2c0000-c2000000 rwxp 00000000 00:00 0 
c2000000-c4950000 rwxp 00000000 00:00 0 
c4950000-eb560000 rwxp 00000000 00:00 0 
eb560000-eca00000 rwxp 00000000 00:00 0 
eca00000-100000000 rwxp 00000000 00:00 0 
7f42a8000000-7f42a8148000 rwxp 00000000 00:00 0 
7f42a8148000-7f42ac000000 ---p 00000000 00:00 0 
7f42adf59000-7f42adf5c000 ---p 00000000 00:00 0 
7f42adf5c000-7f42ae05a000 rwxp 00000000 00:00 0 
7f42ae05a000-7f42ae05d000 ---p 00000000 00:00 0 
7f42ae05d000-7f42ae15b000 rwxp 00000000 00:00 0 
7f42ae15b000-7f42ae162000 r-xp 00000000 08:11 22414624                   /usr/lib/jvm/java-6-sun-1.6.0.26/jre/lib/amd64/libnio.so
7f42ae162000-7f42ae261000 ---p 00007000 08:11 22414624                   /usr/lib/jvm/java-6-sun-1.6.0.26/jre/lib/amd64/libnio.so
7f42ae261000-7f42ae263000 rwxp 00006000 08:11 22414624                   /usr/lib/jvm/java-6-sun-1.6.0.26/jre/lib/amd64/libnio.so
7f42ae263000-7f42ae266000 ---p 00000000 00:00 0 
7f42ae266000-7f42ae364000 rwxp 00000000 00:00 0 
7f42ae364000-7f42ae365000 r-xs 00000000 08:11 29364352                   /var/cache/fontconfig/c05880de57d1f5e948fdfacc138775d9-le64.cache-3
7f42ae365000-7f42ae36e000 r-xs 00000000 08:11 29364327                   /var/cache/fontconfig/945677eb7aeaf62f1d50efc3fb3ec7d8-le64.cache-3
7f42ae36e000-7f42ae370000 r-xs 00000000 08:11 29363789                   /var/cache/fontconfig/99e8ed0e538f840c565b6ed5dad60d56-le64.cache-3
7f42ae370000-7f42ae373000 r-xs 00000000 08:11 29363731                   /var/cache/fontconfig/e383d7ea5fbe662a33d9b44caf393297-le64.cache-3
7f42ae373000-7f42ae377000 r-xs 00000000 08:11 29363690                   /var/cache/fontconfig/2cd17615ca594fa2959ae173292e504c-le64.cache-3
7f42ae377000-7f42ae379000 r-xs 00000000 08:11 29363629                   /var/cache/fontconfig/e3fa16a14183b06aa45b3e009278fd14-le64.cache-3
7f42ae379000-7f42ae37a000 r-xs 00000000 08:11 29363622                   /var/cache/fontconfig/e7071f4a29fa870f4323321c154eba04-le64.cache-3
7f42ae37a000-7f42ae37d000 r-xs 00000000 08:11 29363618                   /var/cache/fontconfig/b5ea634b0fb353b8ea17632d1f9ef766-le64.cache-3
7f42ae3b9000-7f42ae44f000 rwxs 00000000 00:04 130318373                  /SYSV00000000 (deleted)
7f42ae44f000-7f42ae452000 ---p 00000000 00:00 0 
7f42ae452000-7f42ae550000 rwxp 00000000 00:00 0 
7f42ae550000-7f42ae553000 ---p 00000000 00:00 0 
7f42ae553000-7f42ae651000 rwxp 00000000 00:00 0 
7f42ae651000-7f42ae656000 r-xp 00000000 08:11 20972763                   /usr/lib/x86_64-linux-gnu/libXfixes.so.3.1.0
7f42ae656000-7f42ae855000 ---p 00005000 08:11 20972763                   /usr/lib/x86_64-linux-gnu/libXfixes.so.3.1.0
7f42ae855000-7f42ae856000 r-xp 00004000 08:11 20972763                   /usr/lib/x86_64-linux-gnu/libXfixes.so.3.1.0
7f42ae856000-7f42ae857000 rwxp 00005000 08:11 20972763                   /usr/lib/x86_64-linux-gnu/libXfixes.so.3.1.0
7f42ae857000-7f42ae860000 r-xp 00000000 08:11 20972757                   /usr/lib/x86_64-linux-gnu/libXrender.so.1.3.0
7f42ae860000-7f42aea60000 ---p 00009000 08:11 20972757                   /usr/lib/x86_64-linux-gnu/libXrender.so.1.3.0
7f42aea60000-7f42aea61000 r-xp 00009000 08:11 20972757                   /usr/lib/x86_64-linux-gnu/libXrender.so.1.3.0
7f42aea61000-7f42aea62000 rwxp 0000a000 08:11 20972757                   /usr/lib/x86_64-linux-gnu/libXrender.so.1.3.0
7f42aea62000-7f42aea6b000 r-xp 00000000 08:11 20971831                   /usr/lib/x86_64-linux-gnu/libXcursor.so.1.0.2
7f42aea6b000-7f42aec6a000 ---p 00009000 08:11 20971831                   /usr/lib/x86_64-linux-gnu/libXcursor.so.1.0.2
7f42aec6a000-7f42aec6b000 r-xp 00008000 08:11 20971831                   /usr/lib/x86_64-linux-gnu/libXcursor.so.1.0.2
7f42aec6b000-7f42aec6c000 rwxp 00009000 08:11 20971831                   /usr/lib/x86_64-linux-gnu/libXcursor.so.1.0.2
7f42aec86000-7f42aec8d000 r-xs 00000000 08:11 21109480                   /usr/lib/x86_64-linux-gnu/gconv/gconv-modules.cache
7f42aec8d000-7f42aec90000 ---p 00000000 00:00 0 
7f42aec90000-7f42aed8e000 rwxp 00000000 00:00 0 
7f42aed8e000-7f42aee07000 r-xp 00000000 08:11 22414680                   /usr/lib/jvm/java-6-sun-1.6.0.26/jre/lib/amd64/libfontmanager.so
7f42aee07000-7f42aef06000 ---p 00079000 08:11 22414680                   /usr/lib/jvm/java-6-sun-1.6.0.26/jre/lib/amd64/libfontmanager.so
7f42aef06000-7f42aef1b000 rwxp 00078000 08:11 22414680                   /usr/lib/jvm/java-6-sun-1.6.0.26/jre/lib/amd64/libfontmanager.so
7f42aef1b000-7f42aef2c000 rwxp 00000000 00:00 0 
7f42aef2c000-7f42aef31000 r-xp 00000000 08:11 20972750                   /usr/lib/x86_64-linux-gnu/libXdmcp.so.6.0.0
7f42aef31000-7f42af130000 ---p 00005000 08:11 20972750                   /usr/lib/x86_64-linux-gnu/libXdmcp.so.6.0.0
7f42af130000-7f42af131000 r-xp 00004000 08:11 20972750                   /usr/lib/x86_64-linux-gnu/libXdmcp.so.6.0.0
7f42af131000-7f42af132000 rwxp 00005000 08:11 20972750                   /usr/lib/x86_64-linux-gnu/libXdmcp.so.6.0.0
7f42af132000-7f42af134000 r-xp 00000000 08:11 20972936                   /usr/lib/x86_64-linux-gnu/libXau.so.6.0.0
7f42af134000-7f42af333000 ---p 00002000 08:11 20972936                   /usr/lib/x86_64-linux-gnu/libXau.so.6.0.0
7f42af333000-7f42af334000 r-xp 00001000 08:11 20972936                   /usr/lib/x86_64-linux-gnu/libXau.so.6.0.0
7f42af334000-7f42af335000 rwxp 00002000 08:11 20972936                   /usr/lib/x86_64-linux-gnu/libXau.so.6.0.0
7f42af335000-7f42af350000 r-xp 00000000 08:11 20972991                   /usr/lib/x86_64-linux-gnu/libxcb.so.1.1.0
7f42af350000-7f42af54f000 ---p 0001b000 08:11 20972991                   /usr/lib/x86_64-linux-gnu/libxcb.so.1.1.0
7f42af54f000-7f42af550000 r-xp 0001a000 08:11 20972991                   /usr/lib/x86_64-linux-gnu/libxcb.so.1.1.0
7f42af550000-7f42af551000 rwxp 0001b000 08:11 20972991                   /usr/lib/x86_64-linux-gnu/libxcb.so.1.1.0
7f42af551000-7f42af560000 r-xp 00000000 08:11 20971937                   /usr/lib/x86_64-linux-gnu/libXi.so.6.1.0
7f42af560000-7f42af75f000 ---p 0000f000 08:11 20971937                   /usr/lib/x86_64-linux-gnu/libXi.so.6.1.0
7f42af75f000-7f42af760000 r-xp 0000e000 08:11 20971937                   /usr/lib/x86_64-linux-gnu/libXi.so.6.1.0
7f42af760000-7f42af761000 rwxp 0000f000 08:11 20971937                   /usr/lib/x86_64-linux-gnu/libXi.so.6.1.0
7f42af761000-7f42af766000 r-xp 00000000 08:11 20973297                   /usr/lib/libXtst.so.6.1.0
7f42af766000-7f42af965000 ---p 00005000 08:11 20973297                   /usr/lib/libXtst.so.6.1.0
7f42af965000-7f42af966000 r-xp 00004000 08:11 20973297                   /usr/lib/libXtst.so.6.1.0
7f42af966000-7f42af967000 rwxp 00005000 08:11 20973297                   /usr/lib/libXtst.so.6.1.0
7f42af967000-7f42afa9a000 r-xp 00000000 08:11 20973007                   /usr/lib/x86_64-linux-gnu/libX11.so.6.3.0
7f42afa9a000-7f42afc9a000 ---p 00133000 08:11 20973007                   /usr/lib/x86_64-linux-gnu/libX11.so.6.3.0
7f42afc9a000-7f42afc9b000 r-xp 00133000 08:11 20973007                   /usr/lib/x86_64-linux-gnu/libX11.so.6.3.0
7f42afc9b000-7f42afc9f000 rwxp 00134000 08:11 20973007                   /usr/lib/x86_64-linux-gnu/libX11.so.6.3.0
7f42afc9f000-7f42afcb1000 r-xp 00000000 08:11 20973295                   /usr/lib/x86_64-linux-gnu/libXext.so.6.4.0
7f42afcb1000-7f42afeb0000 ---p 00012000 08:11 20973295                   /usr/lib/x86_64-linux-gnu/libXext.so.6.4.0
7f42afeb0000-7f42afeb1000 r-xp 00011000 08:11 20973295                   /usr/lib/x86_64-linux-gnu/libXext.so.6.4.0
7f42afeb1000-7f42afeb2000 rwxp 00012000 08:11 20973295                   /usr/lib/x86_64-linux-gnu/libXext.so.6.4.0
7f42afeb2000-7f42afef4000 r-xp 00000000 08:11 22414662                   /usr/lib/jvm/java-6-sun-1.6.0.26/jre/lib/amd64/xawt/libmawt.so
7f42afef4000-7f42afff3000 ---p 00042000 08:11 22414662                   /usr/lib/jvm/java-6-sun-1.6.0.26/jre/lib/amd64/xawt/libmawt.so
7f42afff3000-7f42affff000 rwxp 00041000 08:11 22414662                   /usr/lib/jvm/java-6-sun-1.6.0.26/jre/lib/amd64/xawt/libmawt.so
7f42affff000-7f42b0000000 rwxp 00000000 00:00 0 
7f42b0000000-7f42b0483000 rwxp 00000000 00:00 0 
7f42b0483000-7f42b4000000 ---p 00000000 00:00 0 
7f42b4002000-7f42b4007000 r-xs 00000000 08:11 29363614                   /var/cache/fontconfig/6eb3985aa4124903f6ff08ba781cd364-le64.cache-3
7f42b4007000-7f42b4008000 r-xs 00000000 08:11 29363611                   /var/cache/fontconfig/4c73fe0c47614734b17d736dbde7580a-le64.cache-3
7f42b4008000-7f42b4009000 r-xs 00000000 08:11 29363610                   /var/cache/fontconfig/0d8c3b2ac0904cb8a57a757ad11a4a08-le64.cache-3
7f42b4009000-7f42b400a000 r-xs 00000000 08:11 29363601                   /var/cache/fontconfig/6a53c69dea097a2d716e069445527da8-le64.cache-3
7f42b400a000-7f42b4010000 r-xs 00000000 08:11 29363599                   /var/cache/fontconfig/a755afe4a08bf5b97852ceb7400b47bc-le64.cache-3
7f42b4010000-7f42b4011000 r-xs 00000000 08:11 29363567                   /var/cache/fontconfig/7ee55724f82591cb35c3d9771e9e69ed-le64.cache-3
7f42b4011000-7f42b4012000 r-xs 00000000 08:11 29363566                   /var/cache/fontconfig/79517df041c92e3f2b4a9700e7dbe3c7-le64.cache-3
7f42b4012000-7f42b4013000 r-xs 00000000 08:11 29363540                   /var/cache/fontconfig/4abdb2dd99886b2b2d3168a6b22d0473-le64.cache-3
7f42b4013000-7f42b4014000 r-xs 00000000 08:11 29363511                   /var/cache/fontconfig/b9af901c4f3947128be824d599af5f25-le64.cache-3
7f42b4014000-7f42b4015000 r-xs 00000000 08:11 29363484                   /var/cache/fontconfig/a18183678af55fd6535fa2d00e080189-le64.cache-3
7f42b4015000-7f42b4017000 r-xs 00000000 08:11 29363470                   /var/cache/fontconfig/90e84e89a4382a8db77728561d41356d-le64.cache-3
7f42b4017000-7f42b4018000 r-xs 00000000 08:11 29363452                   /var/cache/fontconfig/b73ae53b2eee308c3d7feb99ac2d34cd-le64.cache-3
7f42b4018000-7f42b4019000 r-xs 00000000 08:11 29363451                   /var/cache/fontconfig/407fd690308a0b04640307de6deab6da-le64.cache-3
7f42b4019000-7f42b401b000 r-xs 00000000 08:11 29363445                   /var/cache/fontconfig/8039e78ad04dad2b193eec8c5f90bc4d-le64.cache-3
7f42b401b000-7f42b401c000 r-xs 00000000 08:11 29363432                   /var/cache/fontconfig/27f6fa40476fb33ad65cb210c133a216-le64.cache-3
7f42b401c000-7f42b401d000 r-xs 00000000 08:11 29363404                   /var/cache/fontconfig/98d684ad3abba16030bd60992dc9c5d7-le64.cache-3
7f42b401d000-7f42b401f000 r-xs 00000000 08:11 29363398                   /var/cache/fontconfig/9123b38b1c36356a690c2f0bc4cbf728-le64.cache-3
7f42b401f000-7f42b4028000 r-xs 00000000 08:11 29363372                   /var/cache/fontconfig/6d41288fd70b0be22e8c3a91e032eec0-le64.cache-3
7f42b4028000-7f42b4038000 r-xs 00000000 08:11 29363368                   /var/cache/fontconfig/0f34bcd4b6ee430af32735b75db7f02b-le64.cache-3
7f42b4038000-7f42b403b000 r-xs 00000000 08:11 29363365                   /var/cache/fontconfig/d60319d88cac85ba9e1a07bd06cfbb8c-le64.cache-3
7f42b403b000-7f42b4040000 r-xs 00000000 08:11 29363347                   /var/cache/fontconfig/0dad82dbaa6c15cf0806f139d62298a3-le64.cache-3
7f42b4040000-7f42b4050000 r-xs 00000000 08:11 29363344                   /var/cache/fontconfig/d52a8644073d54c13679302ca1180695-le64.cache-3
7f42b4050000-7f42b406a000 r-xs 00000000 08:11 29361928                   /var/cache/fontconfig/e13b20fdb08344e0e664864cc2ede53d-le64.cache-3
7f42b406a000-7f42b407e000 r-xs 00000000 08:11 29364455                   /var/cache/fontconfig/865f88548240fee46819705c6468c165-le64.cache-3
7f42b407e000-7f42b4110000 r-xp 00000000 08:11 22414701                   /usr/lib/jvm/java-6-sun-1.6.0.26/jre/lib/amd64/libawt.so
7f42b4110000-7f42b420f000 ---p 00092000 08:11 22414701                   /usr/lib/jvm/java-6-sun-1.6.0.26/jre/lib/amd64/libawt.so
7f42b420f000-7f42b4229000 rwxp 00091000 08:11 22414701                   /usr/lib/jvm/java-6-sun-1.6.0.26/jre/lib/amd64/libawt.so
7f42b4229000-7f42b426e000 rwxp 00000000 00:00 0 
7f42b426e000-7f42b4271000 ---p 00000000 00:00 0 
7f42b4271000-7f42b4a6f000 rwxp 00000000 00:00 0 
7f42b4a6f000-7f42b4a70000 ---p 00000000 00:00 0 
7f42b4a70000-7f42b5270000 rwxp 00000000 00:00 0 
7f42b5270000-7f42b5271000 ---p 00000000 00:00 0 
7f42b5271000-7f42b5a71000 rwxp 00000000 00:00 0 
7f42b5a71000-7f42b5ce3000 r-xp 00000000 00:14 15860133                   /home/shiwali/soar/SoarSuite/out/lib/libSoarKernelSML.so
7f42b5ce3000-7f42b5ee3000 ---p 00272000 00:14 15860133                   /home/shiwali/soar/SoarSuite/out/lib/libSoarKernelSML.so
7f42b5ee3000-7f42b5eef000 r-xp 00272000 00:14 15860133                   /home/shiwali/soar/SoarSuite/out/lib/libSoarKernelSML.so
7f42b5eef000-7f42b5ef5000 rwxp 0027e000 00:14 15860133                   /home/shiwali/soar/SoarSuite/out/lib/libSoarKernelSML.so
7f42b5ef5000-7f42b5ef9000 rwxp 00000000 00:00 0 
7f42b5ef9000-7f42b5f0e000 r-xp 00000000 08:11 24909356                   /lib/x86_64-linux-gnu/libgcc_s.so.1
7f42b5f0e000-7f42b610d000 ---p 00015000 08:11 24909356                   /lib/x86_64-linux-gnu/libgcc_s.so.1
7f42b610d000-7f42b610e000 r-xp 00014000 08:11 24909356                   /lib/x86_64-linux-gnu/libgcc_s.so.1
7f42b610e000-7f42b610f000 rwxp 00015000 08:11 24909356                   /lib/x86_64-linux-gnu/libgcc_s.so.1
7f42b610f000-7f42b61f7000 r-xp 00000000 08:11 20971967                   /usr/lib/x86_64-linux-gnu/libstdc++.so.6.0.16
7f42b61f7000-7f42b63f7000 ---p 000e8000 08:11 20971967                   /usr/lib/x86_64-linux-gnu/libstdc++.so.6.0.16
7f42b63f7000-7f42b63ff000 r-xp 000e8000 08:11 20971967                   /usr/lib/x86_64-linux-gnu/libstdc++.so.6.0.16
7f42b63ff000-7f42b6401000 rwxp 000f0000 08:11 20971967                   /usr/lib/x86_64-linux-gnu/libstdc++.so.6.0.16
7f42b6401000-7f42b6437000 rwxp 00000000 00:00 0 
7f42b6437000-7f42b6449000 r-xp 00000000 00:14 15860095                   /home/shiwali/soar/SoarSuite/out/lib/libElementXML.so
7f42b6449000-7f42b6648000 ---p 00012000 00:14 15860095                   /home/shiwali/soar/SoarSuite/out/lib/libElementXML.so
7f42b6648000-7f42b6649000 r-xp 00011000 00:14 15860095                   /home/shiwali/soar/SoarSuite/out/lib/libElementXML.so
7f42b6649000-7f42b664a000 rwxp 00012000 00:14 15860095                   /home/shiwali/soar/SoarSuite/out/lib/libElementXML.so
7f42b664a000-7f42b66c5000 r-xp 00000000 00:14 15860271                   /home/shiwali/soar/SoarSuite/out/lib/libJava_sml_ClientInterface.so
7f42b66c5000-7f42b68c4000 ---p 0007b000 00:14 15860271                   /home/shiwali/soar/SoarSuite/out/lib/libJava_sml_ClientInterface.so
7f42b68c4000-7f42b68c8000 r-xp 0007a000 00:14 15860271                   /home/shiwali/soar/SoarSuite/out/lib/libJava_sml_ClientInterface.so
7f42b68c8000-7f42b68c9000 rwxp 0007e000 00:14 15860271                   /home/shiwali/soar/SoarSuite/out/lib/libJava_sml_ClientInterface.so
7f42b68c9000-7f42b68cc000 ---p 00000000 00:00 0 
7f42b68cc000-7f42b69fb000 rwxp 00000000 00:00 0 
7f42b69fb000-7f42b6a0e000 r-xp 00000000 08:11 22414652                   /usr/lib/jvm/java-6-sun-1.6.0.26/jre/lib/amd64/libnet.so
7f42b6a0e000-7f42b6b0f000 ---p 00013000 08:11 22414652                   /usr/lib/jvm/java-6-sun-1.6.0.26/jre/lib/amd64/libnet.so
7f42b6b0f000-7f42b6b12000 rwxp 00014000 08:11 22414652                   /usr/lib/jvm/java-6-sun-1.6.0.26/jre/lib/amd64/libnet.so
7f42b6b12000-7f42b6b13000 ---p 00000000 00:00 0 
7f42b6b13000-7f42b6c13000 rwxp 00000000 00:00 0 
7f42b6c13000-7f42b6c16000 ---p 00000000 00:00 0 
7f42b6c16000-7f42b6d14000 rwxp 00000000 00:00 0 
7f42b6d14000-7f42b6d17000 ---p 00000000 00:00 0 
7f42b6d17000-7f42b6e15000 rwxp 00000000 00:00 0 
7f42b6e15000-7f42b6e18000 ---p 00000000 00:00 0 
7f42b6e18000-7f42b6f16000 rwxp 00000000 00:00 0 
7f42b6f16000-7f42b6f19000 ---p 00000000 00:00 0 
7f42b6f19000-7f42b7017000 rwxp 00000000 00:00 0 
7f42b7017000-7f42b759b000 r-xp 00000000 08:11 20971663                   /usr/lib/locale/locale-archive
7f42b759b000-7f42b759e000 ---p 00000000 00:00 0 
7f42b759e000-7f42b769c000 rwxp 00000000 00:00 0 
7f42b769c000-7f42b769f000 ---p 00000000 00:00 0 
7f42b769f000-7f42b779d000 rwxp 00000000 00:00 0 
7f42b779d000-7f42b779e000 ---p 00000000 00:00 0 
7f42b779e000-7f42b7dd7000 rwxp 00000000 00:00 0 
7f42b7dd7000-7f42b7f6f000 r-xs 03029000 08:11 21240852                   /usr/lib/jvm/java-6-sun-1.6.0.26/jre/lib/rt.jar
7f42b7f6f000-7f42b7f97000 rwxp 00000000 00:00 0 
7f42b7f97000-7f42b7f98000 ---p 00000000 00:00 0 
7f42b7f98000-7f42b8098000 rwxp 00000000 00:00 0 
7f42b8098000-7f42b8099000 ---p 00000000 00:00 0 
7f42b8099000-7f42b8199000 rwxp 00000000 00:00 0 
7f42b8199000-7f42b819a000 ---p 00000000 00:00 0 
7f42b819a000-7f42b829a000 rwxp 00000000 00:00 0 
7f42b829a000-7f42b829b000 ---p 00000000 00:00 0 
7f42b829b000-7f42b83a6000 rwxp 00000000 00:00 0 
7f42b83a6000-7f42b83c4000 rwxp 00000000 00:00 0 
7f42b83c4000-7f42b83d9000 rwxp 00000000 00:00 0 
7f42b83d9000-7f42b850f000 rwxp 00000000 00:00 0 
7f42b850f000-7f42b851a000 rwxp 00000000 00:00 0 
7f42b851a000-7f42b8538000 rwxp 00000000 00:00 0 
7f42b8538000-7f42b854d000 rwxp 00000000 00:00 0 
7f42b854d000-7f42b8682000 rwxp 00000000 00:00 0 
7f42b8682000-7f42b868d000 rwxp 00000000 00:00 0 
7f42b868d000-7f42b8728000 rwxp 00000000 00:00 0 
7f42b8728000-7f42b8999000 rwxp 00000000 00:00 0 
7f42b8999000-7f42bb729000 rwxp 00000000 00:00 0 
7f42bb729000-7f42bb737000 r-xp 00000000 08:11 22414691                   /usr/lib/jvm/java-6-sun-1.6.0.26/jre/lib/amd64/libzip.so
7f42bb737000-7f42bb839000 ---p 0000e000 08:11 22414691                   /usr/lib/jvm/java-6-sun-1.6.0.26/jre/lib/amd64/libzip.so
7f42bb839000-7f42bb83c000 rwxp 00010000 08:11 22414691                   /usr/lib/jvm/java-6-sun-1.6.0.26/jre/lib/amd64/libzip.so
7f42bb83c000-7f42bb83d000 rwxp 00000000 00:00 0 
7f42bb83d000-7f42bb849000 r-xp 00000000 08:11 24909373                   /lib/x86_64-linux-gnu/libnss_files-2.13.so
7f42bb849000-7f42bba48000 ---p 0000c000 08:11 24909373                   /lib/x86_64-linux-gnu/libnss_files-2.13.so
7f42bba48000-7f42bba49000 r-xp 0000b000 08:11 24909373                   /lib/x86_64-linux-gnu/libnss_files-2.13.so
7f42bba49000-7f42bba4a000 rwxp 0000c000 08:11 24909373                   /lib/x86_64-linux-gnu/libnss_files-2.13.so
7f42bba4a000-7f42bba54000 r-xp 00000000 08:11 24909381                   /lib/x86_64-linux-gnu/libnss_nis-2.13.so
7f42bba54000-7f42bbc54000 ---p 0000a000 08:11 24909381                   /lib/x86_64-linux-gnu/libnss_nis-2.13.so
7f42bbc54000-7f42bbc55000 r-xp 0000a000 08:11 24909381                   /lib/x86_64-linux-gnu/libnss_nis-2.13.so
7f42bbc55000-7f42bbc56000 rwxp 0000b000 08:11 24909381                   /lib/x86_64-linux-gnu/libnss_nis-2.13.so
7f42bbc56000-7f42bbc5e000 r-xp 00000000 08:11 24909361                   /lib/x86_64-linux-gnu/libnss_compat-2.13.so
7f42bbc5e000-7f42bbe5d000 ---p 00008000 08:11 24909361                   /lib/x86_64-linux-gnu/libnss_compat-2.13.so
7f42bbe5d000-7f42bbe5e000 r-xp 00007000 08:11 24909361                   /lib/x86_64-linux-gnu/libnss_compat-2.13.so
7f42bbe5e000-7f42bbe5f000 rwxp 00008000 08:11 24909361                   /lib/x86_64-linux-gnu/libnss_compat-2.13.so
7f42bbe5f000-7f42bbe76000 r-xp 00000000 08:11 24909365                   /lib/x86_64-linux-gnu/libnsl-2.13.so
7f42bbe76000-7f42bc075000 ---p 00017000 08:11 24909365                   /lib/x86_64-linux-gnu/libnsl-2.13.so
7f42bc075000-7f42bc076000 r-xp 00016000 08:11 24909365                   /lib/x86_64-linux-gnu/libnsl-2.13.so
7f42bc076000-7f42bc077000 rwxp 00017000 08:11 24909365                   /lib/x86_64-linux-gnu/libnsl-2.13.so
7f42bc077000-7f42bc079000 rwxp 00000000 00:00 0 
7f42bc079000-7f42bc0a2000 r-xp 00000000 08:11 22414690                   /usr/lib/jvm/java-6-sun-1.6.0.26/jre/lib/amd64/libjava.so
7f42bc0a2000-7f42bc1a1000 ---p 00029000 08:11 22414690                   /usr/lib/jvm/java-6-sun-1.6.0.26/jre/lib/amd64/libjava.so
7f42bc1a1000-7f42bc1a8000 rwxp 00028000 08:11 22414690                   /usr/lib/jvm/java-6-sun-1.6.0.26/jre/lib/amd64/libjava.so
7f42bc1a8000-7f42bc1b5000 r-xp 00000000 08:11 22414650                   /usr/lib/jvm/java-6-sun-1.6.0.26/jre/lib/amd64/libverify.so
7f42bc1b5000-7f42bc2b4000 ---p 0000d000 08:11 22414650                   /usr/lib/jvm/java-6-sun-1.6.0.26/jre/lib/amd64/libverify.so
7f42bc2b4000-7f42bc2b7000 rwxp 0000c000 08:11 22414650                   /usr/lib/jvm/java-6-sun-1.6.0.26/jre/lib/amd64/libverify.so
7f42bc2b7000-7f42bc2be000 r-xp 00000000 08:11 24905588                   /lib/x86_64-linux-gnu/librt-2.13.so
7f42bc2be000-7f42bc4bd000 ---p 00007000 08:11 24905588                   /lib/x86_64-linux-gnu/librt-2.13.so
7f42bc4bd000-7f42bc4be000 r-xp 00006000 08:11 24905588                   /lib/x86_64-linux-gnu/librt-2.13.so
7f42bc4be000-7f42bc4bf000 rwxp 00007000 08:11 24905588                   /lib/x86_64-linux-gnu/librt-2.13.so
7f42bc4bf000-7f42bc4c2000 ---p 00000000 00:00 0 
7f42bc4c2000-7f42bc5c0000 rwxp 00000000 00:00 0 
7f42bc5c0000-7f42bc643000 r-xp 00000000 08:11 24909383                   /lib/x86_64-linux-gnu/libm-2.13.so
7f42bc643000-7f42bc842000 ---p 00083000 08:11 24909383                   /lib/x86_64-linux-gnu/libm-2.13.so
7f42bc842000-7f42bc843000 r-xp 00082000 08:11 24909383                   /lib/x86_64-linux-gnu/libm-2.13.so
7f42bc843000-7f42bc844000 rwxp 00083000 08:11 24909383                   /lib/x86_64-linux-gnu/libm-2.13.so
7f42bc844000-7f42bd15e000 r-xp 00000000 08:11 22414697                   /usr/lib/jvm/java-6-sun-1.6.0.26/jre/lib/amd64/server/libjvm.so
7f42bd15e000-7f42bd260000 ---p 0091a000 08:11 22414697                   /usr/lib/jvm/java-6-sun-1.6.0.26/jre/lib/amd64/server/libjvm.so
7f42bd260000-7f42bd415000 rwxp 0091c000 08:11 22414697                   /usr/lib/jvm/java-6-sun-1.6.0.26/jre/lib/amd64/server/libjvm.so
7f42bd415000-7f42bd44f000 rwxp 00000000 00:00 0 
7f42bd44f000-7f42bd5e4000 r-xp 00000000 08:11 24909369                   /lib/x86_64-linux-gnu/libc-2.13.so
7f42bd5e4000-7f42bd7e3000 ---p 00195000 08:11 24909369                   /lib/x86_64-linux-gnu/libc-2.13.so
7f42bd7e3000-7f42bd7e7000 r-xp 00194000 08:11 24909369                   /lib/x86_64-linux-gnu/libc-2.13.so
7f42bd7e7000-7f42bd7e8000 rwxp 00198000 08:11 24909369                   /lib/x86_64-linux-gnu/libc-2.13.so
7f42bd7e8000-7f42bd7ee000 rwxp 00000000 00:00 0 
7f42bd7ee000-7f42bd7f0000 r-xp 00000000 08:11 24909370                   /lib/x86_64-linux-gnu/libdl-2.13.so
7f42bd7f0000-7f42bd9f0000 ---p 00002000 08:11 24909370                   /lib/x86_64-linux-gnu/libdl-2.13.so
7f42bd9f0000-7f42bd9f1000 r-xp 00002000 08:11 24909370                   /lib/x86_64-linux-gnu/libdl-2.13.so
7f42bd9f1000-7f42bd9f2000 rwxp 00003000 08:11 24909370                   /lib/x86_64-linux-gnu/libdl-2.13.so
7f42bd9f2000-7f42bda0a000 r-xp 00000000 08:11 24909380                   /lib/x86_64-linux-gnu/libpthread-2.13.so
7f42bda0a000-7f42bdc09000 ---p 00018000 08:11 24909380                   /lib/x86_64-linux-gnu/libpthread-2.13.so
7f42bdc09000-7f42bdc0a000 r-xp 00017000 08:11 24909380                   /lib/x86_64-linux-gnu/libpthread-2.13.so
7f42bdc0a000-7f42bdc0b000 rwxp 00018000 08:11 24909380                   /lib/x86_64-linux-gnu/libpthread-2.13.so
7f42bdc0b000-7f42bdc0f000 rwxp 00000000 00:00 0 
7f42bdc0f000-7f42bdc30000 r-xp 00000000 08:11 24909378                   /lib/x86_64-linux-gnu/ld-2.13.so
7f42bdc32000-7f42bdc36000 r-xs 00000000 08:11 29361887                   /var/cache/fontconfig/7ef2298fde41cc6eeb7af42e48b7d293-le64.cache-3
7f42bdc36000-7f42bdc3e000 r-xs 00000000 08:11 29364857                   /var/cache/fontconfig/b83386915dae36184c7e3985fd26e4b1-le64.cache-3
7f42bdc3e000-7f42bdc48000 rwxp 00000000 00:00 0 
7f42bdc48000-7f42bdcfe000 rwxp 00000000 00:00 0 
7f42bdcfe000-7f42bdd01000 rwxp 00000000 00:00 0 
7f42bdd01000-7f42bdd08000 r-xp 00000000 08:11 22414643                   /usr/lib/jvm/java-6-sun-1.6.0.26/jre/lib/amd64/jli/libjli.so
7f42bdd08000-7f42bde09000 ---p 00007000 08:11 22414643                   /usr/lib/jvm/java-6-sun-1.6.0.26/jre/lib/amd64/jli/libjli.so
7f42bde09000-7f42bde0b000 rwxp 00008000 08:11 22414643                   /usr/lib/jvm/java-6-sun-1.6.0.26/jre/lib/amd64/jli/libjli.so
7f42bde0b000-7f42bde0c000 rwxp 00000000 00:00 0 
7f42bde0d000-7f42bde0e000 r-xs 00000000 08:11 29364018                   /var/cache/fontconfig/4794a0821666d79190d59a36cb4f44b5-le64.cache-3
7f42bde0e000-7f42bde1a000 r-xs 00000000 00:14 14949356                   /home/shiwali/.fontconfig/069ef40ea57d0a06bed196af8059398b-le64.cache-3
7f42bde1a000-7f42bde1d000 r-xs 0001c000 08:11 21629631                   /usr/local/share/java/lcm-0.8.0.jar
7f42bde1d000-7f42bde1e000 r-xs 0000a000 00:14 15079077                   /home/shiwali/soar/abolt/java/abolt.jar
7f42bde1e000-7f42bde23000 r-xs 00028000 00:14 15860383                   /home/shiwali/soar/SoarSuite/out/share/java/sml.jar
7f42bde23000-7f42bde2b000 rwxs 00000000 08:11 14417950                   /tmp/hsperfdata_shiwali/10206
7f42bde2b000-7f42bde2c000 rwxp 00000000 00:00 0 
7f42bde2c000-7f42bde2d000 r-xp 00000000 00:00 0 
7f42bde2d000-7f42bde2f000 rwxp 00000000 00:00 0 
7f42bde2f000-7f42bde30000 r-xp 00020000 08:11 24909378                   /lib/x86_64-linux-gnu/ld-2.13.so
7f42bde30000-7f42bde32000 rwxp 00021000 08:11 24909378                   /lib/x86_64-linux-gnu/ld-2.13.so
7fff15c7a000-7fff15c9b000 rwxp 00000000 00:00 0                          [stack]
7fff15dff000-7fff15e00000 r-xp 00000000 00:00 0                          [vdso]
ffffffffff600000-ffffffffff601000 r-xp 00000000 00:00 0                  [vsyscall]

VM Arguments:
jvm_args: -Dfile.encoding=UTF-8 
java_command: edu.umich.sbolt.SBolt
Launcher Type: SUN_STANDARD

Environment Variables:
CLASSPATH=SOAR_HOME/bin/SoarJavaDebugger.jar
PATH=/usr/lib/lightdm/lightdm:/usr/local/sbin:/usr/local/bin:/usr/sbin:/usr/bin:/sbin:/bin:/usr/games
USERNAME=shiwali
LD_LIBRARY_PATH=/usr/lib/jvm/java-6-sun-1.6.0.26/jre/lib/amd64/server:/usr/lib/jvm/java-6-sun-1.6.0.26/jre/lib/amd64:/usr/lib/jvm/java-6-sun-1.6.0.26/jre/../lib/amd64:/home/shiwali/soar/SoarSuite/out/lib/
SHELL=/bin/bash
DISPLAY=:0

Signal Handlers:
SIGSEGV: [libjvm.so+0x85f800], sa_mask[0]=0x7ffbfeff, sa_flags=0x10000004
SIGBUS: [libjvm.so+0x85f800], sa_mask[0]=0x7ffbfeff, sa_flags=0x10000004
SIGFPE: [libjvm.so+0x70e300], sa_mask[0]=0x7ffbfeff, sa_flags=0x10000004
SIGPIPE: SIG_IGN, sa_mask[0]=0x00000000, sa_flags=0x00000000
SIGXFSZ: [libjvm.so+0x70e300], sa_mask[0]=0x7ffbfeff, sa_flags=0x10000004
SIGILL: [libjvm.so+0x70e300], sa_mask[0]=0x7ffbfeff, sa_flags=0x10000004
SIGUSR1: SIG_DFL, sa_mask[0]=0x00000000, sa_flags=0x00000000
SIGUSR2: [libjvm.so+0x711110], sa_mask[0]=0x00000004, sa_flags=0x10000004
SIGHUP: [libjvm.so+0x710d10], sa_mask[0]=0x7ffbfeff, sa_flags=0x10000004
SIGINT: [libjvm.so+0x710d10], sa_mask[0]=0x7ffbfeff, sa_flags=0x10000004
SIGTERM: [libjvm.so+0x710d10], sa_mask[0]=0x7ffbfeff, sa_flags=0x10000004
SIGQUIT: [libjvm.so+0x710d10], sa_mask[0]=0x7ffbfeff, sa_flags=0x10000004


---------------  S Y S T E M  ---------------

OS:wheezy/sid

uname:Linux 3.0.0-16-generic #28-Ubuntu SMP Fri Jan 27 17:44:39 UTC 2012 x86_64
libc:glibc 2.13 NPTL 2.13 
rlimit: STACK 8192k, CORE 0k, NPROC 31500, NOFILE 4096, AS infinity
load average:0.89 0.47 0.32

/proc/meminfo:
MemTotal:        4055664 kB
MemFree:          115916 kB
Buffers:           13980 kB
Cached:           771080 kB
SwapCached:        42564 kB
Active:          2625244 kB
Inactive:         994496 kB
Active(anon):    2237800 kB
Inactive(anon):   604908 kB
Active(file):     387444 kB
Inactive(file):   389588 kB
Unevictable:          52 kB
Mlocked:              52 kB
SwapTotal:      11878396 kB
SwapFree:       11537876 kB
Dirty:               760 kB
Writeback:             0 kB
AnonPages:       2798520 kB
Mapped:           145520 kB
Shmem:              8028 kB
Slab:             143520 kB
SReclaimable:     102144 kB
SUnreclaim:        41376 kB
KernelStack:        4528 kB
PageTables:        45024 kB
NFS_Unstable:          0 kB
Bounce:                0 kB
WritebackTmp:          0 kB
CommitLimit:    13906228 kB
Committed_AS:    6550692 kB
VmallocTotal:   34359738367 kB
VmallocUsed:      118108 kB
VmallocChunk:   34359611880 kB
HardwareCorrupted:     0 kB
AnonHugePages:         0 kB
HugePages_Total:       0
HugePages_Free:        0
HugePages_Rsvd:        0
HugePages_Surp:        0
Hugepagesize:       2048 kB
DirectMap4k:      220032 kB
DirectMap2M:     3973120 kB


CPU:total 4 (4 cores per cpu, 1 threads per core) family 6 model 23 stepping 7, cmov, cx8, fxsr, mmx, sse, sse2, sse3, ssse3, sse4.1

/proc/cpuinfo:
processor	: 0
vendor_id	: GenuineIntel
cpu family	: 6
model		: 23
model name	: Intel(R) Core(TM)2 Quad  CPU   Q9450  @ 2.66GHz
stepping	: 7
cpu MHz		: 1998.000
cache size	: 6144 KB
physical id	: 0
siblings	: 4
core id		: 0
cpu cores	: 4
apicid		: 0
initial apicid	: 0
fpu		: yes
fpu_exception	: yes
cpuid level	: 10
wp		: yes
flags		: fpu vme de pse tsc msr pae mce cx8 apic sep mtrr pge mca cmov pat pse36 clflush dts acpi mmx fxsr sse sse2 ss ht tm pbe syscall nx lm constant_tsc arch_perfmon pebs bts rep_good nopl aperfmperf pni dtes64 monitor ds_cpl vmx smx est tm2 ssse3 cx16 xtpr pdcm sse4_1 lahf_lm dts tpr_shadow vnmi flexpriority
bogomips	: 5332.96
clflush size	: 64
cache_alignment	: 64
address sizes	: 36 bits physical, 48 bits virtual
power management:

processor	: 1
vendor_id	: GenuineIntel
cpu family	: 6
model		: 23
model name	: Intel(R) Core(TM)2 Quad  CPU   Q9450  @ 2.66GHz
stepping	: 7
cpu MHz		: 1998.000
cache size	: 6144 KB
physical id	: 0
siblings	: 4
core id		: 3
cpu cores	: 4
apicid		: 3
initial apicid	: 3
fpu		: yes
fpu_exception	: yes
cpuid level	: 10
wp		: yes
flags		: fpu vme de pse tsc msr pae mce cx8 apic sep mtrr pge mca cmov pat pse36 clflush dts acpi mmx fxsr sse sse2 ss ht tm pbe syscall nx lm constant_tsc arch_perfmon pebs bts rep_good nopl aperfmperf pni dtes64 monitor ds_cpl vmx smx est tm2 ssse3 cx16 xtpr pdcm sse4_1 lahf_lm dts tpr_shadow vnmi flexpriority
bogomips	: 5333.27
clflush size	: 64
cache_alignment	: 64
address sizes	: 36 bits physical, 48 bits virtual
power management:

processor	: 2
vendor_id	: GenuineIntel
cpu family	: 6
model		: 23
model name	: Intel(R) Core(TM)2 Quad  CPU   Q9450  @ 2.66GHz
stepping	: 7
cpu MHz		: 1998.000
cache size	: 6144 KB
physical id	: 0
siblings	: 4
core id		: 2
cpu cores	: 4
apicid		: 2
initial apicid	: 2
fpu		: yes
fpu_exception	: yes
cpuid level	: 10
wp		: yes
flags		: fpu vme de pse tsc msr pae mce cx8 apic sep mtrr pge mca cmov pat pse36 clflush dts acpi mmx fxsr sse sse2 ss ht tm pbe syscall nx lm constant_tsc arch_perfmon pebs bts rep_good nopl aperfmperf pni dtes64 monitor ds_cpl vmx smx est tm2 ssse3 cx16 xtpr pdcm sse4_1 lahf_lm dts tpr_shadow vnmi flexpriority
bogomips	: 5333.24
clflush size	: 64
cache_alignment	: 64
address sizes	: 36 bits physical, 48 bits virtual
power management:

processor	: 3
vendor_id	: GenuineIntel
cpu family	: 6
model		: 23
model name	: Intel(R) Core(TM)2 Quad  CPU   Q9450  @ 2.66GHz
stepping	: 7
cpu MHz		: 2664.000
cache size	: 6144 KB
physical id	: 0
siblings	: 4
core id		: 1
cpu cores	: 4
apicid		: 1
initial apicid	: 1
fpu		: yes
fpu_exception	: yes
cpuid level	: 10
wp		: yes
flags		: fpu vme de pse tsc msr pae mce cx8 apic sep mtrr pge mca cmov pat pse36 clflush dts acpi mmx fxsr sse sse2 ss ht tm pbe syscall nx lm constant_tsc arch_perfmon pebs bts rep_good nopl aperfmperf pni dtes64 monitor ds_cpl vmx smx est tm2 ssse3 cx16 xtpr pdcm sse4_1 lahf_lm dts tpr_shadow vnmi flexpriority
bogomips	: 5333.25
clflush size	: 64
cache_alignment	: 64
address sizes	: 36 bits physical, 48 bits virtual
power management:



Memory: 4k page, physical 4055664k(115916k free), swap 11878396k(11537876k free)

vm_info: Java HotSpot(TM) 64-Bit Server VM (20.1-b02) for linux-amd64 JRE (1.6.0_26-b03), built on May  4 2011 01:13:47 by "java_re" with gcc 3.2.2 (SuSE Linux)

time: Mon Feb 20 10:28:08 2012
elapsed time: 31 seconds

