#
# A fatal error has been detected by the Java Runtime Environment:
#
#  SIGSEGV (0xb) at pc=0x00007f863caf91f8, pid=10089, tid=140214420330240
#
# JRE version: 6.0_26-b03
# Java VM: Java HotSpot(TM) 64-Bit Server VM (20.1-b02 mixed mode linux-amd64 compressed oops)
# Problematic frame:
# C  [libJava_sml_ClientInterface.so+0x431f8]  sml::WorkingMemory::CreateIdWME(sml::Identifier*, char const*)+0x58
#
# If you would like to submit a bug report, please visit:
#   http://java.sun.com/webapps/bugreport/crash.jsp
# The crash happened outside the Java Virtual Machine in native code.
# See problematic frame for where to report the bug.
#

---------------  T H R E A D  ---------------

Current thread (0x0000000041828800):  JavaThread "Thread-3" [_thread_in_native, id=10110, stack(0x00007f8636375000,0x00007f8636b76000)]

siginfo:si_signo=SIGSEGV: si_errno=0, si_code=1 (SEGV_MAPERR), si_addr=0x0000000000000000

Registers:
RAX=0x0000000000000005, RBX=0x000000004170c0c8, RCX=0x00007f8636b74438, RDX=0x00007f86380d6330
RSP=0x00007f8636b742e0, RBP=0x00000000418299a0, RSI=0x00000000418299a0, RDI=0x00007f8636b74320
R8 =0x0000000000000061, R9 =0x00007f8643749ff0, R10=0x00007f863eba5d41, R11=0x00007f8643439170
R12=0x00007f863c86f5b8, R13=0x00000000bd16db40, R14=0x0000000000000000, R15=0x0000000041828800
RIP=0x00007f863caf91f8, EFLAGS=0x0000000000010206, CSGSFS=0x0000000000000033, ERR=0x0000000000000004
  TRAPNO=0x000000000000000e

Top of Stack: (sp=0x00007f8636b742e0)
0x00007f8636b742e0:   00007f8636b74301 00007f864339a528
0x00007f8636b742f0:   00007f8636b743f0 0000000000000005
0x00007f8636b74300:   00000000418289b0 0000000041828800
0x00007f8636b74310:   0000000000000005 0000000041ae8ae8
0x00007f8636b74320:   00007f863c86f5b8 00007f8643187fc8
0x00007f8636b74330:   00007f8636b743f0 00000000418289d0
0x00007f8636b74340:   00000000418299a0 0000000000000000
0x00007f8636b74350:   00000000bd16db40 00007f8636b74448
0x00007f8636b74360:   0000000041828800 00007f863cae5172
0x00007f8636b74370:   0000000000000000 0000000041ae8a60
0x00007f8636b74380:   0000000000000000 00000000bd16db40
0x00007f8636b74390:   00007f8636b74410 0000000000000000
0x00007f8636b743a0:   00000000bd16db40 00007f863eba5d6e
0x00007f8636b743b0:   00000000bdb2ac72 00007f86000000b6
0x00007f8636b743c0:   0000000041ae8ac0 0000000041ae8ae0
0x00007f8636b743d0:   00007f8636b743d0 0000000000000000
0x00007f8636b743e0:   00007f8636b74448 00000000bd180ea8
0x00007f8636b743f0:   0000000000000000 00000000bd16db40
0x00007f8636b74400:   0000000000000000 00007f8636b74430
0x00007f8636b74410:   00007f8636b74490 00007f863eb9a9b3
0x00007f8636b74420:   00000000bd180800 00007f863eba2f57
0x00007f8636b74430:   0000000000000000 00000000ebcd3390
0x00007f8636b74440:   00000000418299a0 0000000041ae8b00
0x00007f8636b74450:   00007f8636b74450 00000000bd19932e
0x00007f8636b74460:   00007f8636b744b8 00000000bd19bbf8
0x00007f8636b74470:   0000000000000000 00000000bd199378
0x00007f8636b74480:   00007f8636b74430 00007f8636b744b0
0x00007f8636b74490:   00007f8636b74500 00007f863eb9a929
0x00007f8636b744a0:   0000000000000000 0000000000000000
0x00007f8636b744b0:   0000000000000000 00000000ebcd3390
0x00007f8636b744c0:   00007f8636b744c0 00000000bdb2ac72
0x00007f8636b744d0:   00007f8636b74530 00000000bdb2b258 

Instructions: (pc=0x00007f863caf91f8)
0x00007f863caf91d8:   00 48 8d 7c 24 40 48 8b 42 20 49 83 c4 18 4c 89
0x00007f863caf91e8:   64 24 40 48 83 c0 01 48 89 42 20 48 89 44 24 30
0x00007f863caf91f8:   41 0f b6 06 8d 48 bf 8d 50 20 80 f9 19 b9 01 00
0x00007f863caf9208:   00 00 0f 46 c2 8d 50 9f 0f be c0 80 fa 19 49 8b 

Register to memory mapping:

RAX=0x0000000000000005 is an unknown value
RBX=0x000000004170c0c8 is an unknown value
RCX=0x00007f8636b74438 is pointing into the stack for thread: 0x0000000041828800
RDX=0x00007f86380d6330 is an unknown value
RSP=0x00007f8636b742e0 is pointing into the stack for thread: 0x0000000041828800
RBP=0x00000000418299a0 is an unknown value
RSI=0x00000000418299a0 is an unknown value
RDI=0x00007f8636b74320 is pointing into the stack for thread: 0x0000000041828800
R8 =0x0000000000000061 is an unknown value
R9 =0x00007f8643749ff0: <offset 0xa99ff0> in /usr/lib/jvm/java-6-sun-1.6.0.26/jre/lib/amd64/server/libjvm.so at 0x00007f8642cb0000
R10=0x00007f863eba5d41 is an Interpreter codelet
method entry point (kind = native)  [0x00007f863eba5ae0, 0x00007f863eba6320]  2112 bytes
R11=0x00007f8643439170: <offset 0x789170> in /usr/lib/jvm/java-6-sun-1.6.0.26/jre/lib/amd64/server/libjvm.so at 0x00007f8642cb0000
R12=0x00007f863c86f5b8: _ZNSs4_Rep20_S_empty_rep_storageE+0x18 in /usr/lib/x86_64-linux-gnu/libstdc++.so.6 at 0x00007f863c57b000
R13=0x00000000bd16db40 is an oop
{method} 
 - klass: {other class}
R14=0x0000000000000000 is an unknown value
R15=0x0000000041828800 is a thread


Stack: [0x00007f8636375000,0x00007f8636b76000],  sp=0x00007f8636b742e0,  free space=8188k
Native frames: (J=compiled Java code, j=interpreted, Vv=VM code, C=native code)
C  [libJava_sml_ClientInterface.so+0x431f8]  sml::WorkingMemory::CreateIdWME(sml::Identifier*, char const*)+0x58

Java frames: (J=compiled Java code, j=interpreted, Vv=VM code)
j  sml.smlJNI.Identifier_CreateIdWME(JLsml/Identifier;Ljava/lang/String;)J+0
j  sml.Identifier.CreateIdWME(Ljava/lang/String;)Lsml/Identifier;+6
j  edu.umich.sbolt.language.VerbCommand.translateToSoarSpeak(Lsml/Identifier;Ljava/lang/String;)V+2
j  edu.umich.sbolt.language.Sentence.translateToSoarSpeak(Lsml/Identifier;Ljava/lang/String;)V+6
j  edu.umich.sbolt.language.Parser.traslateToSoarSpeak(Lsml/Identifier;Ljava/lang/String;)V+15
j  edu.umich.sbolt.language.Parser.getSoarSpeak(Ljava/lang/String;Ledu/umich/sbolt/language/BOLTDictionary;Lsml/Identifier;)V+16
j  edu.umich.sbolt.world.Messages.updateInputLink(Lsml/Identifier;)V+48
j  edu.umich.sbolt.world.World.updateInputLink(Lsml/Identifier;)V+25
j  edu.umich.sbolt.InputLinkHandler.runEventHandler(ILjava/lang/Object;Lsml/Agent;I)V+8
v  ~StubRoutines::call_stub

---------------  P R O C E S S  ---------------

Java Threads: ( => current thread )
=>0x0000000041828800 JavaThread "Thread-3" [_thread_in_native, id=10110, stack(0x00007f8636375000,0x00007f8636b76000)]
  0x0000000041b38800 JavaThread "TimerQueue" daemon [_thread_blocked, id=10131, stack(0x00007f863432e000,0x00007f863442f000)]
  0x00007f86382fd800 JavaThread "DestroyJavaVM" [_thread_blocked, id=10094, stack(0x00007f864292b000,0x00007f8642a2c000)]
  0x00007f863825a000 JavaThread "Timer-0" [_thread_blocked, id=10130, stack(0x00007f86344cb000,0x00007f86345cc000)]
  0x00007f8638296800 JavaThread "AWT-EventQueue-0" [_thread_blocked, id=10128, stack(0x00007f86346d4000,0x00007f86347d5000)]
  0x00007f8638295800 JavaThread "AWT-Shutdown" [_thread_blocked, id=10127, stack(0x00007f8634912000,0x00007f8634a13000)]
  0x00007f8638225800 JavaThread "AWT-XAWT" daemon [_thread_in_native, id=10126, stack(0x00007f8634a13000,0x00007f8634b14000)]
  0x00007f863817f000 JavaThread "Java2D Disposer" daemon [_thread_blocked, id=10125, stack(0x00007f8635150000,0x00007f8635251000)]
  0x00007f86380b2800 JavaThread "Thread-0" daemon [_thread_in_native, id=10107, stack(0x00007f863cd35000,0x00007f863ce36000)]
  0x00007f8638071000 JavaThread "Low Memory Detector" daemon [_thread_blocked, id=10105, stack(0x00007f863d07f000,0x00007f863d180000)]
  0x00007f863806e800 JavaThread "C2 CompilerThread1" daemon [_thread_blocked, id=10104, stack(0x00007f863d180000,0x00007f863d281000)]
  0x00007f863806b800 JavaThread "C2 CompilerThread0" daemon [_thread_blocked, id=10103, stack(0x00007f863d281000,0x00007f863d382000)]
  0x00007f8638069000 JavaThread "Signal Dispatcher" daemon [_thread_blocked, id=10102, stack(0x00007f863d382000,0x00007f863d483000)]
  0x00007f863804c800 JavaThread "Finalizer" daemon [_thread_blocked, id=10101, stack(0x00007f863da07000,0x00007f863db08000)]
  0x00007f863804a800 JavaThread "Reference Handler" daemon [_thread_blocked, id=10100, stack(0x00007f863db08000,0x00007f863dc09000)]

Other Threads:
  0x00007f8638044000 VMThread [stack: 0x00007f863dc09000,0x00007f863dd0a000] [id=10099]
  0x00007f863807b800 WatcherThread [stack: 0x00007f863cf7e000,0x00007f863d07f000] [id=10106]

VM state:not at safepoint (normal execution)

VM Mutex/Monitor currently owned by a thread: None

Heap
 PSYoungGen      total 18496K, used 7946K [0x00000000eb560000, 0x00000000eca00000, 0x0000000100000000)
  eden space 15872K, 50% used [0x00000000eb560000,0x00000000ebd22850,0x00000000ec4e0000)
  from space 2624K, 0% used [0x00000000ec770000,0x00000000ec770000,0x00000000eca00000)
  to   space 2624K, 0% used [0x00000000ec4e0000,0x00000000ec4e0000,0x00000000ec770000)
 PSOldGen        total 42304K, used 0K [0x00000000c2000000, 0x00000000c4950000, 0x00000000eb560000)
  object space 42304K, 0% used [0x00000000c2000000,0x00000000c2000000,0x00000000c4950000)
 PSPermGen       total 21248K, used 13488K [0x00000000bce00000, 0x00000000be2c0000, 0x00000000c2000000)
  object space 21248K, 63% used [0x00000000bce00000,0x00000000bdb2c370,0x00000000be2c0000)

Code Cache  [0x00007f863eb95000, 0x00007f863ee05000, 0x00007f8641b95000)
 total_blobs=480 nmethods=26 adapters=409 free_code_cache=49744192 largest_free_block=11776

Dynamic libraries:
40000000-40009000 r-xp 00000000 08:11 22285125                           /usr/lib/jvm/java-6-sun-1.6.0.26/jre/bin/java
40108000-4010a000 rwxp 00008000 08:11 22285125                           /usr/lib/jvm/java-6-sun-1.6.0.26/jre/bin/java
4162c000-41d3d000 rwxp 00000000 00:00 0                                  [heap]
bce00000-be2c0000 rwxp 00000000 00:00 0 
be2c0000-c2000000 rwxp 00000000 00:00 0 
c2000000-c4950000 rwxp 00000000 00:00 0 
c4950000-eb560000 rwxp 00000000 00:00 0 
eb560000-eca00000 rwxp 00000000 00:00 0 
eca00000-100000000 rwxp 00000000 00:00 0 
7f863432e000-7f8634331000 ---p 00000000 00:00 0 
7f8634331000-7f863442f000 rwxp 00000000 00:00 0 
7f863442f000-7f86344cb000 rwxs 00000000 00:04 129597476                  /SYSV00000000 (deleted)
7f86344cb000-7f86344ce000 ---p 00000000 00:00 0 
7f86344ce000-7f86345cc000 rwxp 00000000 00:00 0 
7f86345cc000-7f86345d3000 r-xp 00000000 08:11 22414624                   /usr/lib/jvm/java-6-sun-1.6.0.26/jre/lib/amd64/libnio.so
7f86345d3000-7f86346d2000 ---p 00007000 08:11 22414624                   /usr/lib/jvm/java-6-sun-1.6.0.26/jre/lib/amd64/libnio.so
7f86346d2000-7f86346d4000 rwxp 00006000 08:11 22414624                   /usr/lib/jvm/java-6-sun-1.6.0.26/jre/lib/amd64/libnio.so
7f86346d4000-7f86346d7000 ---p 00000000 00:00 0 
7f86346d7000-7f86347d5000 rwxp 00000000 00:00 0 
7f86347d5000-7f86347d6000 r-xs 00000000 08:11 29364352                   /var/cache/fontconfig/c05880de57d1f5e948fdfacc138775d9-le64.cache-3
7f86347d6000-7f86347df000 r-xs 00000000 08:11 29364327                   /var/cache/fontconfig/945677eb7aeaf62f1d50efc3fb3ec7d8-le64.cache-3
7f86347df000-7f86347e1000 r-xs 00000000 08:11 29363789                   /var/cache/fontconfig/99e8ed0e538f840c565b6ed5dad60d56-le64.cache-3
7f86347e1000-7f86347e4000 r-xs 00000000 08:11 29363731                   /var/cache/fontconfig/e383d7ea5fbe662a33d9b44caf393297-le64.cache-3
7f86347e4000-7f86347e8000 r-xs 00000000 08:11 29363690                   /var/cache/fontconfig/2cd17615ca594fa2959ae173292e504c-le64.cache-3
7f86347e8000-7f86347ea000 r-xs 00000000 08:11 29363629                   /var/cache/fontconfig/e3fa16a14183b06aa45b3e009278fd14-le64.cache-3
7f86347ea000-7f86347eb000 r-xs 00000000 08:11 29363622                   /var/cache/fontconfig/e7071f4a29fa870f4323321c154eba04-le64.cache-3
7f86347eb000-7f86347ee000 r-xs 00000000 08:11 29363618                   /var/cache/fontconfig/b5ea634b0fb353b8ea17632d1f9ef766-le64.cache-3
7f86347ee000-7f86347f3000 r-xs 00000000 08:11 29363614                   /var/cache/fontconfig/6eb3985aa4124903f6ff08ba781cd364-le64.cache-3
7f86347f3000-7f86347f4000 r-xs 00000000 08:11 29363611                   /var/cache/fontconfig/4c73fe0c47614734b17d736dbde7580a-le64.cache-3
7f86347f4000-7f86347f5000 r-xs 00000000 08:11 29363610                   /var/cache/fontconfig/0d8c3b2ac0904cb8a57a757ad11a4a08-le64.cache-3
7f86347f5000-7f86347f6000 r-xs 00000000 08:11 29363601                   /var/cache/fontconfig/6a53c69dea097a2d716e069445527da8-le64.cache-3
7f86347f6000-7f86347fc000 r-xs 00000000 08:11 29363599                   /var/cache/fontconfig/a755afe4a08bf5b97852ceb7400b47bc-le64.cache-3
7f86347fc000-7f86347fd000 r-xs 00000000 08:11 29363567                   /var/cache/fontconfig/7ee55724f82591cb35c3d9771e9e69ed-le64.cache-3
7f86347fd000-7f86347fe000 r-xs 00000000 08:11 29363566                   /var/cache/fontconfig/79517df041c92e3f2b4a9700e7dbe3c7-le64.cache-3
7f86347fe000-7f86347ff000 r-xs 00000000 08:11 29363540                   /var/cache/fontconfig/4abdb2dd99886b2b2d3168a6b22d0473-le64.cache-3
7f86347ff000-7f8634800000 r-xs 00000000 08:11 29363511                   /var/cache/fontconfig/b9af901c4f3947128be824d599af5f25-le64.cache-3
7f8634800000-7f8634801000 r-xs 00000000 08:11 29363484                   /var/cache/fontconfig/a18183678af55fd6535fa2d00e080189-le64.cache-3
7f8634801000-7f8634811000 r-xs 00000000 08:11 29363368                   /var/cache/fontconfig/0f34bcd4b6ee430af32735b75db7f02b-le64.cache-3
7f8634811000-7f8634816000 r-xs 00000000 08:11 29363347                   /var/cache/fontconfig/0dad82dbaa6c15cf0806f139d62298a3-le64.cache-3
7f8634816000-7f8634826000 r-xs 00000000 08:11 29363344                   /var/cache/fontconfig/d52a8644073d54c13679302ca1180695-le64.cache-3
7f8634826000-7f8634840000 r-xs 00000000 08:11 29361928                   /var/cache/fontconfig/e13b20fdb08344e0e664864cc2ede53d-le64.cache-3
7f8634912000-7f8634915000 ---p 00000000 00:00 0 
7f8634915000-7f8634a13000 rwxp 00000000 00:00 0 
7f8634a13000-7f8634a16000 ---p 00000000 00:00 0 
7f8634a16000-7f8634b14000 rwxp 00000000 00:00 0 
7f8634b14000-7f8634b19000 r-xp 00000000 08:11 20972763                   /usr/lib/x86_64-linux-gnu/libXfixes.so.3.1.0
7f8634b19000-7f8634d18000 ---p 00005000 08:11 20972763                   /usr/lib/x86_64-linux-gnu/libXfixes.so.3.1.0
7f8634d18000-7f8634d19000 r-xp 00004000 08:11 20972763                   /usr/lib/x86_64-linux-gnu/libXfixes.so.3.1.0
7f8634d19000-7f8634d1a000 rwxp 00005000 08:11 20972763                   /usr/lib/x86_64-linux-gnu/libXfixes.so.3.1.0
7f8634d1a000-7f8634d23000 r-xp 00000000 08:11 20972757                   /usr/lib/x86_64-linux-gnu/libXrender.so.1.3.0
7f8634d23000-7f8634f23000 ---p 00009000 08:11 20972757                   /usr/lib/x86_64-linux-gnu/libXrender.so.1.3.0
7f8634f23000-7f8634f24000 r-xp 00009000 08:11 20972757                   /usr/lib/x86_64-linux-gnu/libXrender.so.1.3.0
7f8634f24000-7f8634f25000 rwxp 0000a000 08:11 20972757                   /usr/lib/x86_64-linux-gnu/libXrender.so.1.3.0
7f8634f25000-7f8634f2e000 r-xp 00000000 08:11 20971831                   /usr/lib/x86_64-linux-gnu/libXcursor.so.1.0.2
7f8634f2e000-7f863512d000 ---p 00009000 08:11 20971831                   /usr/lib/x86_64-linux-gnu/libXcursor.so.1.0.2
7f863512d000-7f863512e000 r-xp 00008000 08:11 20971831                   /usr/lib/x86_64-linux-gnu/libXcursor.so.1.0.2
7f863512e000-7f863512f000 rwxp 00009000 08:11 20971831                   /usr/lib/x86_64-linux-gnu/libXcursor.so.1.0.2
7f8635149000-7f8635150000 r-xs 00000000 08:11 21109480                   /usr/lib/x86_64-linux-gnu/gconv/gconv-modules.cache
7f8635150000-7f8635153000 ---p 00000000 00:00 0 
7f8635153000-7f8635251000 rwxp 00000000 00:00 0 
7f8635251000-7f86352ca000 r-xp 00000000 08:11 22414680                   /usr/lib/jvm/java-6-sun-1.6.0.26/jre/lib/amd64/libfontmanager.so
7f86352ca000-7f86353c9000 ---p 00079000 08:11 22414680                   /usr/lib/jvm/java-6-sun-1.6.0.26/jre/lib/amd64/libfontmanager.so
7f86353c9000-7f86353de000 rwxp 00078000 08:11 22414680                   /usr/lib/jvm/java-6-sun-1.6.0.26/jre/lib/amd64/libfontmanager.so
7f86353de000-7f86353ef000 rwxp 00000000 00:00 0 
7f86353ef000-7f86353f4000 r-xp 00000000 08:11 20972750                   /usr/lib/x86_64-linux-gnu/libXdmcp.so.6.0.0
7f86353f4000-7f86355f3000 ---p 00005000 08:11 20972750                   /usr/lib/x86_64-linux-gnu/libXdmcp.so.6.0.0
7f86355f3000-7f86355f4000 r-xp 00004000 08:11 20972750                   /usr/lib/x86_64-linux-gnu/libXdmcp.so.6.0.0
7f86355f4000-7f86355f5000 rwxp 00005000 08:11 20972750                   /usr/lib/x86_64-linux-gnu/libXdmcp.so.6.0.0
7f86355f5000-7f86355f7000 r-xp 00000000 08:11 20972936                   /usr/lib/x86_64-linux-gnu/libXau.so.6.0.0
7f86355f7000-7f86357f6000 ---p 00002000 08:11 20972936                   /usr/lib/x86_64-linux-gnu/libXau.so.6.0.0
7f86357f6000-7f86357f7000 r-xp 00001000 08:11 20972936                   /usr/lib/x86_64-linux-gnu/libXau.so.6.0.0
7f86357f7000-7f86357f8000 rwxp 00002000 08:11 20972936                   /usr/lib/x86_64-linux-gnu/libXau.so.6.0.0
7f86357f8000-7f8635813000 r-xp 00000000 08:11 20972991                   /usr/lib/x86_64-linux-gnu/libxcb.so.1.1.0
7f8635813000-7f8635a12000 ---p 0001b000 08:11 20972991                   /usr/lib/x86_64-linux-gnu/libxcb.so.1.1.0
7f8635a12000-7f8635a13000 r-xp 0001a000 08:11 20972991                   /usr/lib/x86_64-linux-gnu/libxcb.so.1.1.0
7f8635a13000-7f8635a14000 rwxp 0001b000 08:11 20972991                   /usr/lib/x86_64-linux-gnu/libxcb.so.1.1.0
7f8635a14000-7f8635a23000 r-xp 00000000 08:11 20971937                   /usr/lib/x86_64-linux-gnu/libXi.so.6.1.0
7f8635a23000-7f8635c22000 ---p 0000f000 08:11 20971937                   /usr/lib/x86_64-linux-gnu/libXi.so.6.1.0
7f8635c22000-7f8635c23000 r-xp 0000e000 08:11 20971937                   /usr/lib/x86_64-linux-gnu/libXi.so.6.1.0
7f8635c23000-7f8635c24000 rwxp 0000f000 08:11 20971937                   /usr/lib/x86_64-linux-gnu/libXi.so.6.1.0
7f8635c24000-7f8635c29000 r-xp 00000000 08:11 20973297                   /usr/lib/libXtst.so.6.1.0
7f8635c29000-7f8635e28000 ---p 00005000 08:11 20973297                   /usr/lib/libXtst.so.6.1.0
7f8635e28000-7f8635e29000 r-xp 00004000 08:11 20973297                   /usr/lib/libXtst.so.6.1.0
7f8635e29000-7f8635e2a000 rwxp 00005000 08:11 20973297                   /usr/lib/libXtst.so.6.1.0
7f8635e2a000-7f8635f5d000 r-xp 00000000 08:11 20973007                   /usr/lib/x86_64-linux-gnu/libX11.so.6.3.0
7f8635f5d000-7f863615d000 ---p 00133000 08:11 20973007                   /usr/lib/x86_64-linux-gnu/libX11.so.6.3.0
7f863615d000-7f863615e000 r-xp 00133000 08:11 20973007                   /usr/lib/x86_64-linux-gnu/libX11.so.6.3.0
7f863615e000-7f8636162000 rwxp 00134000 08:11 20973007                   /usr/lib/x86_64-linux-gnu/libX11.so.6.3.0
7f8636162000-7f8636174000 r-xp 00000000 08:11 20973295                   /usr/lib/x86_64-linux-gnu/libXext.so.6.4.0
7f8636174000-7f8636373000 ---p 00012000 08:11 20973295                   /usr/lib/x86_64-linux-gnu/libXext.so.6.4.0
7f8636373000-7f8636374000 r-xp 00011000 08:11 20973295                   /usr/lib/x86_64-linux-gnu/libXext.so.6.4.0
7f8636374000-7f8636375000 rwxp 00012000 08:11 20973295                   /usr/lib/x86_64-linux-gnu/libXext.so.6.4.0
7f8636375000-7f8636378000 ---p 00000000 00:00 0 
7f8636378000-7f8636b76000 rwxp 00000000 00:00 0 
7f8636b76000-7f8636b77000 ---p 00000000 00:00 0 
7f8636b77000-7f8637377000 rwxp 00000000 00:00 0 
7f8637377000-7f8637378000 ---p 00000000 00:00 0 
7f8637378000-7f8637b78000 rwxp 00000000 00:00 0 
7f8637b78000-7f8637dea000 r-xp 00000000 00:14 15860133                   /home/shiwali/soar/SoarSuite/out/lib/libSoarKernelSML.so
7f8637dea000-7f8637fea000 ---p 00272000 00:14 15860133                   /home/shiwali/soar/SoarSuite/out/lib/libSoarKernelSML.so
7f8637fea000-7f8637ff6000 r-xp 00272000 00:14 15860133                   /home/shiwali/soar/SoarSuite/out/lib/libSoarKernelSML.so
7f8637ff6000-7f8637ffc000 rwxp 0027e000 00:14 15860133                   /home/shiwali/soar/SoarSuite/out/lib/libSoarKernelSML.so
7f8637ffc000-7f8638000000 rwxp 00000000 00:00 0 
7f8638000000-7f86382ff000 rwxp 00000000 00:00 0 
7f86382ff000-7f863c000000 ---p 00000000 00:00 0 
7f863c000000-7f863c002000 r-xs 00000000 08:11 29363470                   /var/cache/fontconfig/90e84e89a4382a8db77728561d41356d-le64.cache-3
7f863c002000-7f863c003000 r-xs 00000000 08:11 29363452                   /var/cache/fontconfig/b73ae53b2eee308c3d7feb99ac2d34cd-le64.cache-3
7f863c003000-7f863c004000 r-xs 00000000 08:11 29363451                   /var/cache/fontconfig/407fd690308a0b04640307de6deab6da-le64.cache-3
7f863c004000-7f863c006000 r-xs 00000000 08:11 29363445                   /var/cache/fontconfig/8039e78ad04dad2b193eec8c5f90bc4d-le64.cache-3
7f863c006000-7f863c007000 r-xs 00000000 08:11 29363432                   /var/cache/fontconfig/27f6fa40476fb33ad65cb210c133a216-le64.cache-3
7f863c007000-7f863c01b000 r-xs 00000000 08:11 29364455                   /var/cache/fontconfig/865f88548240fee46819705c6468c165-le64.cache-3
7f863c01b000-7f863c027000 r-xs 00000000 00:14 14949356                   /home/shiwali/.fontconfig/069ef40ea57d0a06bed196af8059398b-le64.cache-3
7f863c027000-7f863c069000 r-xp 00000000 08:11 22414662                   /usr/lib/jvm/java-6-sun-1.6.0.26/jre/lib/amd64/xawt/libmawt.so
7f863c069000-7f863c168000 ---p 00042000 08:11 22414662                   /usr/lib/jvm/java-6-sun-1.6.0.26/jre/lib/amd64/xawt/libmawt.so
7f863c168000-7f863c174000 rwxp 00041000 08:11 22414662                   /usr/lib/jvm/java-6-sun-1.6.0.26/jre/lib/amd64/xawt/libmawt.so
7f863c174000-7f863c175000 rwxp 00000000 00:00 0 
7f863c175000-7f863c207000 r-xp 00000000 08:11 22414701                   /usr/lib/jvm/java-6-sun-1.6.0.26/jre/lib/amd64/libawt.so
7f863c207000-7f863c306000 ---p 00092000 08:11 22414701                   /usr/lib/jvm/java-6-sun-1.6.0.26/jre/lib/amd64/libawt.so
7f863c306000-7f863c320000 rwxp 00091000 08:11 22414701                   /usr/lib/jvm/java-6-sun-1.6.0.26/jre/lib/amd64/libawt.so
7f863c320000-7f863c365000 rwxp 00000000 00:00 0 
7f863c365000-7f863c37a000 r-xp 00000000 08:11 24909356                   /lib/x86_64-linux-gnu/libgcc_s.so.1
7f863c37a000-7f863c579000 ---p 00015000 08:11 24909356                   /lib/x86_64-linux-gnu/libgcc_s.so.1
7f863c579000-7f863c57a000 r-xp 00014000 08:11 24909356                   /lib/x86_64-linux-gnu/libgcc_s.so.1
7f863c57a000-7f863c57b000 rwxp 00015000 08:11 24909356                   /lib/x86_64-linux-gnu/libgcc_s.so.1
7f863c57b000-7f863c663000 r-xp 00000000 08:11 20971967                   /usr/lib/x86_64-linux-gnu/libstdc++.so.6.0.16
7f863c663000-7f863c863000 ---p 000e8000 08:11 20971967                   /usr/lib/x86_64-linux-gnu/libstdc++.so.6.0.16
7f863c863000-7f863c86b000 r-xp 000e8000 08:11 20971967                   /usr/lib/x86_64-linux-gnu/libstdc++.so.6.0.16
7f863c86b000-7f863c86d000 rwxp 000f0000 08:11 20971967                   /usr/lib/x86_64-linux-gnu/libstdc++.so.6.0.16
7f863c86d000-7f863c8a3000 rwxp 00000000 00:00 0 
7f863c8a3000-7f863c8b5000 r-xp 00000000 00:14 15860095                   /home/shiwali/soar/SoarSuite/out/lib/libElementXML.so
7f863c8b5000-7f863cab4000 ---p 00012000 00:14 15860095                   /home/shiwali/soar/SoarSuite/out/lib/libElementXML.so
7f863cab4000-7f863cab5000 r-xp 00011000 00:14 15860095                   /home/shiwali/soar/SoarSuite/out/lib/libElementXML.so
7f863cab5000-7f863cab6000 rwxp 00012000 00:14 15860095                   /home/shiwali/soar/SoarSuite/out/lib/libElementXML.so
7f863cab6000-7f863cb31000 r-xp 00000000 00:14 15860271                   /home/shiwali/soar/SoarSuite/out/lib/libJava_sml_ClientInterface.so
7f863cb31000-7f863cd30000 ---p 0007b000 00:14 15860271                   /home/shiwali/soar/SoarSuite/out/lib/libJava_sml_ClientInterface.so
7f863cd30000-7f863cd34000 r-xp 0007a000 00:14 15860271                   /home/shiwali/soar/SoarSuite/out/lib/libJava_sml_ClientInterface.so
7f863cd34000-7f863cd35000 rwxp 0007e000 00:14 15860271                   /home/shiwali/soar/SoarSuite/out/lib/libJava_sml_ClientInterface.so
7f863cd35000-7f863cd38000 ---p 00000000 00:00 0 
7f863cd38000-7f863ce67000 rwxp 00000000 00:00 0 
7f863ce67000-7f863ce7a000 r-xp 00000000 08:11 22414652                   /usr/lib/jvm/java-6-sun-1.6.0.26/jre/lib/amd64/libnet.so
7f863ce7a000-7f863cf7b000 ---p 00013000 08:11 22414652                   /usr/lib/jvm/java-6-sun-1.6.0.26/jre/lib/amd64/libnet.so
7f863cf7b000-7f863cf7e000 rwxp 00014000 08:11 22414652                   /usr/lib/jvm/java-6-sun-1.6.0.26/jre/lib/amd64/libnet.so
7f863cf7e000-7f863cf7f000 ---p 00000000 00:00 0 
7f863cf7f000-7f863d07f000 rwxp 00000000 00:00 0 
7f863d07f000-7f863d082000 ---p 00000000 00:00 0 
7f863d082000-7f863d180000 rwxp 00000000 00:00 0 
7f863d180000-7f863d183000 ---p 00000000 00:00 0 
7f863d183000-7f863d281000 rwxp 00000000 00:00 0 
7f863d281000-7f863d284000 ---p 00000000 00:00 0 
7f863d284000-7f863d382000 rwxp 00000000 00:00 0 
7f863d382000-7f863d385000 ---p 00000000 00:00 0 
7f863d385000-7f863d483000 rwxp 00000000 00:00 0 
7f863d483000-7f863da07000 r-xp 00000000 08:11 20971663                   /usr/lib/locale/locale-archive
7f863da07000-7f863da0a000 ---p 00000000 00:00 0 
7f863da0a000-7f863db08000 rwxp 00000000 00:00 0 
7f863db08000-7f863db0b000 ---p 00000000 00:00 0 
7f863db0b000-7f863dc09000 rwxp 00000000 00:00 0 
7f863dc09000-7f863dc0a000 ---p 00000000 00:00 0 
7f863dc0a000-7f863e243000 rwxp 00000000 00:00 0 
7f863e243000-7f863e3db000 r-xs 03029000 08:11 21240852                   /usr/lib/jvm/java-6-sun-1.6.0.26/jre/lib/rt.jar
7f863e3db000-7f863e403000 rwxp 00000000 00:00 0 
7f863e403000-7f863e404000 ---p 00000000 00:00 0 
7f863e404000-7f863e504000 rwxp 00000000 00:00 0 
7f863e504000-7f863e505000 ---p 00000000 00:00 0 
7f863e505000-7f863e605000 rwxp 00000000 00:00 0 
7f863e605000-7f863e606000 ---p 00000000 00:00 0 
7f863e606000-7f863e706000 rwxp 00000000 00:00 0 
7f863e706000-7f863e707000 ---p 00000000 00:00 0 
7f863e707000-7f863e812000 rwxp 00000000 00:00 0 
7f863e812000-7f863e830000 rwxp 00000000 00:00 0 
7f863e830000-7f863e845000 rwxp 00000000 00:00 0 
7f863e845000-7f863e97b000 rwxp 00000000 00:00 0 
7f863e97b000-7f863e986000 rwxp 00000000 00:00 0 
7f863e986000-7f863e9a4000 rwxp 00000000 00:00 0 
7f863e9a4000-7f863e9b9000 rwxp 00000000 00:00 0 
7f863e9b9000-7f863eaee000 rwxp 00000000 00:00 0 
7f863eaee000-7f863eaf9000 rwxp 00000000 00:00 0 
7f863eaf9000-7f863eb94000 rwxp 00000000 00:00 0 
7f863eb94000-7f863ee05000 rwxp 00000000 00:00 0 
7f863ee05000-7f8641b95000 rwxp 00000000 00:00 0 
7f8641b95000-7f8641ba3000 r-xp 00000000 08:11 22414691                   /usr/lib/jvm/java-6-sun-1.6.0.26/jre/lib/amd64/libzip.so
7f8641ba3000-7f8641ca5000 ---p 0000e000 08:11 22414691                   /usr/lib/jvm/java-6-sun-1.6.0.26/jre/lib/amd64/libzip.so
7f8641ca5000-7f8641ca8000 rwxp 00010000 08:11 22414691                   /usr/lib/jvm/java-6-sun-1.6.0.26/jre/lib/amd64/libzip.so
7f8641ca8000-7f8641ca9000 rwxp 00000000 00:00 0 
7f8641ca9000-7f8641cb5000 r-xp 00000000 08:11 24909373                   /lib/x86_64-linux-gnu/libnss_files-2.13.so
7f8641cb5000-7f8641eb4000 ---p 0000c000 08:11 24909373                   /lib/x86_64-linux-gnu/libnss_files-2.13.so
7f8641eb4000-7f8641eb5000 r-xp 0000b000 08:11 24909373                   /lib/x86_64-linux-gnu/libnss_files-2.13.so
7f8641eb5000-7f8641eb6000 rwxp 0000c000 08:11 24909373                   /lib/x86_64-linux-gnu/libnss_files-2.13.so
7f8641eb6000-7f8641ec0000 r-xp 00000000 08:11 24909381                   /lib/x86_64-linux-gnu/libnss_nis-2.13.so
7f8641ec0000-7f86420c0000 ---p 0000a000 08:11 24909381                   /lib/x86_64-linux-gnu/libnss_nis-2.13.so
7f86420c0000-7f86420c1000 r-xp 0000a000 08:11 24909381                   /lib/x86_64-linux-gnu/libnss_nis-2.13.so
7f86420c1000-7f86420c2000 rwxp 0000b000 08:11 24909381                   /lib/x86_64-linux-gnu/libnss_nis-2.13.so
7f86420c2000-7f86420ca000 r-xp 00000000 08:11 24909361                   /lib/x86_64-linux-gnu/libnss_compat-2.13.so
7f86420ca000-7f86422c9000 ---p 00008000 08:11 24909361                   /lib/x86_64-linux-gnu/libnss_compat-2.13.so
7f86422c9000-7f86422ca000 r-xp 00007000 08:11 24909361                   /lib/x86_64-linux-gnu/libnss_compat-2.13.so
7f86422ca000-7f86422cb000 rwxp 00008000 08:11 24909361                   /lib/x86_64-linux-gnu/libnss_compat-2.13.so
7f86422cb000-7f86422e2000 r-xp 00000000 08:11 24909365                   /lib/x86_64-linux-gnu/libnsl-2.13.so
7f86422e2000-7f86424e1000 ---p 00017000 08:11 24909365                   /lib/x86_64-linux-gnu/libnsl-2.13.so
7f86424e1000-7f86424e2000 r-xp 00016000 08:11 24909365                   /lib/x86_64-linux-gnu/libnsl-2.13.so
7f86424e2000-7f86424e3000 rwxp 00017000 08:11 24909365                   /lib/x86_64-linux-gnu/libnsl-2.13.so
7f86424e3000-7f86424e5000 rwxp 00000000 00:00 0 
7f86424e5000-7f864250e000 r-xp 00000000 08:11 22414690                   /usr/lib/jvm/java-6-sun-1.6.0.26/jre/lib/amd64/libjava.so
7f864250e000-7f864260d000 ---p 00029000 08:11 22414690                   /usr/lib/jvm/java-6-sun-1.6.0.26/jre/lib/amd64/libjava.so
7f864260d000-7f8642614000 rwxp 00028000 08:11 22414690                   /usr/lib/jvm/java-6-sun-1.6.0.26/jre/lib/amd64/libjava.so
7f8642614000-7f8642621000 r-xp 00000000 08:11 22414650                   /usr/lib/jvm/java-6-sun-1.6.0.26/jre/lib/amd64/libverify.so
7f8642621000-7f8642720000 ---p 0000d000 08:11 22414650                   /usr/lib/jvm/java-6-sun-1.6.0.26/jre/lib/amd64/libverify.so
7f8642720000-7f8642723000 rwxp 0000c000 08:11 22414650                   /usr/lib/jvm/java-6-sun-1.6.0.26/jre/lib/amd64/libverify.so
7f8642723000-7f864272a000 r-xp 00000000 08:11 24905588                   /lib/x86_64-linux-gnu/librt-2.13.so
7f864272a000-7f8642929000 ---p 00007000 08:11 24905588                   /lib/x86_64-linux-gnu/librt-2.13.so
7f8642929000-7f864292a000 r-xp 00006000 08:11 24905588                   /lib/x86_64-linux-gnu/librt-2.13.so
7f864292a000-7f864292b000 rwxp 00007000 08:11 24905588                   /lib/x86_64-linux-gnu/librt-2.13.so
7f864292b000-7f864292e000 ---p 00000000 00:00 0 
7f864292e000-7f8642a2c000 rwxp 00000000 00:00 0 
7f8642a2c000-7f8642aaf000 r-xp 00000000 08:11 24909383                   /lib/x86_64-linux-gnu/libm-2.13.so
7f8642aaf000-7f8642cae000 ---p 00083000 08:11 24909383                   /lib/x86_64-linux-gnu/libm-2.13.so
7f8642cae000-7f8642caf000 r-xp 00082000 08:11 24909383                   /lib/x86_64-linux-gnu/libm-2.13.so
7f8642caf000-7f8642cb0000 rwxp 00083000 08:11 24909383                   /lib/x86_64-linux-gnu/libm-2.13.so
7f8642cb0000-7f86435ca000 r-xp 00000000 08:11 22414697                   /usr/lib/jvm/java-6-sun-1.6.0.26/jre/lib/amd64/server/libjvm.so
7f86435ca000-7f86436cc000 ---p 0091a000 08:11 22414697                   /usr/lib/jvm/java-6-sun-1.6.0.26/jre/lib/amd64/server/libjvm.so
7f86436cc000-7f8643881000 rwxp 0091c000 08:11 22414697                   /usr/lib/jvm/java-6-sun-1.6.0.26/jre/lib/amd64/server/libjvm.so
7f8643881000-7f86438bb000 rwxp 00000000 00:00 0 
7f86438bb000-7f8643a50000 r-xp 00000000 08:11 24909369                   /lib/x86_64-linux-gnu/libc-2.13.so
7f8643a50000-7f8643c4f000 ---p 00195000 08:11 24909369                   /lib/x86_64-linux-gnu/libc-2.13.so
7f8643c4f000-7f8643c53000 r-xp 00194000 08:11 24909369                   /lib/x86_64-linux-gnu/libc-2.13.so
7f8643c53000-7f8643c54000 rwxp 00198000 08:11 24909369                   /lib/x86_64-linux-gnu/libc-2.13.so
7f8643c54000-7f8643c5a000 rwxp 00000000 00:00 0 
7f8643c5a000-7f8643c5c000 r-xp 00000000 08:11 24909370                   /lib/x86_64-linux-gnu/libdl-2.13.so
7f8643c5c000-7f8643e5c000 ---p 00002000 08:11 24909370                   /lib/x86_64-linux-gnu/libdl-2.13.so
7f8643e5c000-7f8643e5d000 r-xp 00002000 08:11 24909370                   /lib/x86_64-linux-gnu/libdl-2.13.so
7f8643e5d000-7f8643e5e000 rwxp 00003000 08:11 24909370                   /lib/x86_64-linux-gnu/libdl-2.13.so
7f8643e5e000-7f8643e76000 r-xp 00000000 08:11 24909380                   /lib/x86_64-linux-gnu/libpthread-2.13.so
7f8643e76000-7f8644075000 ---p 00018000 08:11 24909380                   /lib/x86_64-linux-gnu/libpthread-2.13.so
7f8644075000-7f8644076000 r-xp 00017000 08:11 24909380                   /lib/x86_64-linux-gnu/libpthread-2.13.so
7f8644076000-7f8644077000 rwxp 00018000 08:11 24909380                   /lib/x86_64-linux-gnu/libpthread-2.13.so
7f8644077000-7f864407b000 rwxp 00000000 00:00 0 
7f864407b000-7f864409c000 r-xp 00000000 08:11 24909378                   /lib/x86_64-linux-gnu/ld-2.13.so
7f864409c000-7f864409e000 r-xs 00000000 08:11 29363398                   /var/cache/fontconfig/9123b38b1c36356a690c2f0bc4cbf728-le64.cache-3
7f864409e000-7f86440a7000 r-xs 00000000 08:11 29363372                   /var/cache/fontconfig/6d41288fd70b0be22e8c3a91e032eec0-le64.cache-3
7f86440a7000-7f86440aa000 r-xs 00000000 08:11 29363365                   /var/cache/fontconfig/d60319d88cac85ba9e1a07bd06cfbb8c-le64.cache-3
7f86440aa000-7f86440b4000 rwxp 00000000 00:00 0 
7f86440b4000-7f864416a000 rwxp 00000000 00:00 0 
7f864416a000-7f864416d000 rwxp 00000000 00:00 0 
7f864416d000-7f8644174000 r-xp 00000000 08:11 22414643                   /usr/lib/jvm/java-6-sun-1.6.0.26/jre/lib/amd64/jli/libjli.so
7f8644174000-7f8644275000 ---p 00007000 08:11 22414643                   /usr/lib/jvm/java-6-sun-1.6.0.26/jre/lib/amd64/jli/libjli.so
7f8644275000-7f8644277000 rwxp 00008000 08:11 22414643                   /usr/lib/jvm/java-6-sun-1.6.0.26/jre/lib/amd64/jli/libjli.so
7f8644277000-7f8644278000 rwxp 00000000 00:00 0 
7f8644278000-7f8644279000 r-xs 00000000 08:11 29363404                   /var/cache/fontconfig/98d684ad3abba16030bd60992dc9c5d7-le64.cache-3
7f8644279000-7f864427a000 r-xs 00000000 08:11 29364018                   /var/cache/fontconfig/4794a0821666d79190d59a36cb4f44b5-le64.cache-3
7f864427a000-7f864427e000 r-xs 00000000 08:11 29361887                   /var/cache/fontconfig/7ef2298fde41cc6eeb7af42e48b7d293-le64.cache-3
7f864427e000-7f8644286000 r-xs 00000000 08:11 29364857                   /var/cache/fontconfig/b83386915dae36184c7e3985fd26e4b1-le64.cache-3
7f8644286000-7f8644289000 r-xs 0001c000 08:11 21629631                   /usr/local/share/java/lcm-0.8.0.jar
7f8644289000-7f864428a000 r-xs 0000a000 00:14 15079077                   /home/shiwali/soar/abolt/java/abolt.jar
7f864428a000-7f864428f000 r-xs 00028000 00:14 15860383                   /home/shiwali/soar/SoarSuite/out/share/java/sml.jar
7f864428f000-7f8644297000 rwxs 00000000 08:11 14417950                   /tmp/hsperfdata_shiwali/10089
7f8644297000-7f8644298000 rwxp 00000000 00:00 0 
7f8644298000-7f8644299000 r-xp 00000000 00:00 0 
7f8644299000-7f864429b000 rwxp 00000000 00:00 0 
7f864429b000-7f864429c000 r-xp 00020000 08:11 24909378                   /lib/x86_64-linux-gnu/ld-2.13.so
7f864429c000-7f864429e000 rwxp 00021000 08:11 24909378                   /lib/x86_64-linux-gnu/ld-2.13.so
7fff394bb000-7fff394dc000 rwxp 00000000 00:00 0                          [stack]
7fff395ae000-7fff395af000 r-xp 00000000 00:00 0                          [vdso]
ffffffffff600000-ffffffffff601000 r-xp 00000000 00:00 0                  [vsyscall]

VM Arguments:
jvm_args: -Dfile.encoding=UTF-8 
java_command: edu.umich.sbolt.SBolt
Launcher Type: SUN_STANDARD

Environment Variables:
CLASSPATH=SOAR_HOME/bin/SoarJavaDebugger.jar
PATH=/usr/lib/lightdm/lightdm:/usr/local/sbin:/usr/local/bin:/usr/sbin:/usr/bin:/sbin:/bin:/usr/games
USERNAME=shiwali
LD_LIBRARY_PATH=/usr/lib/jvm/java-6-sun-1.6.0.26/jre/lib/amd64/server:/usr/lib/jvm/java-6-sun-1.6.0.26/jre/lib/amd64:/usr/lib/jvm/java-6-sun-1.6.0.26/jre/../lib/amd64:/home/shiwali/soar/SoarSuite/out/lib/
SHELL=/bin/bash
DISPLAY=:0

Signal Handlers:
SIGSEGV: [libjvm.so+0x85f800], sa_mask[0]=0x7ffbfeff, sa_flags=0x10000004
SIGBUS: [libjvm.so+0x85f800], sa_mask[0]=0x7ffbfeff, sa_flags=0x10000004
SIGFPE: [libjvm.so+0x70e300], sa_mask[0]=0x7ffbfeff, sa_flags=0x10000004
SIGPIPE: SIG_IGN, sa_mask[0]=0x00000000, sa_flags=0x00000000
SIGXFSZ: [libjvm.so+0x70e300], sa_mask[0]=0x7ffbfeff, sa_flags=0x10000004
SIGILL: [libjvm.so+0x70e300], sa_mask[0]=0x7ffbfeff, sa_flags=0x10000004
SIGUSR1: SIG_DFL, sa_mask[0]=0x00000000, sa_flags=0x00000000
SIGUSR2: [libjvm.so+0x711110], sa_mask[0]=0x00000004, sa_flags=0x10000004
SIGHUP: [libjvm.so+0x710d10], sa_mask[0]=0x7ffbfeff, sa_flags=0x10000004
SIGINT: [libjvm.so+0x710d10], sa_mask[0]=0x7ffbfeff, sa_flags=0x10000004
SIGTERM: [libjvm.so+0x710d10], sa_mask[0]=0x7ffbfeff, sa_flags=0x10000004
SIGQUIT: [libjvm.so+0x710d10], sa_mask[0]=0x7ffbfeff, sa_flags=0x10000004


---------------  S Y S T E M  ---------------

OS:wheezy/sid

uname:Linux 3.0.0-16-generic #28-Ubuntu SMP Fri Jan 27 17:44:39 UTC 2012 x86_64
libc:glibc 2.13 NPTL 2.13 
rlimit: STACK 8192k, CORE 0k, NPROC 31500, NOFILE 4096, AS infinity
load average:0.05 0.13 0.21

/proc/meminfo:
MemTotal:        4055664 kB
MemFree:          105912 kB
Buffers:           19012 kB
Cached:           800600 kB
SwapCached:        42512 kB
Active:          2621736 kB
Inactive:        1005084 kB
Active(anon):    2219496 kB
Inactive(anon):   595932 kB
Active(file):     402240 kB
Inactive(file):   409152 kB
Unevictable:          52 kB
Mlocked:              52 kB
SwapTotal:      11878396 kB
SwapFree:       11541848 kB
Dirty:               408 kB
Writeback:             0 kB
AnonPages:       2771376 kB
Mapped:           136408 kB
Shmem:              8056 kB
Slab:             148416 kB
SReclaimable:     106848 kB
SUnreclaim:        41568 kB
KernelStack:        4432 kB
PageTables:        44812 kB
NFS_Unstable:          0 kB
Bounce:                0 kB
WritebackTmp:          0 kB
CommitLimit:    13906228 kB
Committed_AS:    6499752 kB
VmallocTotal:   34359738367 kB
VmallocUsed:      118108 kB
VmallocChunk:   34359611880 kB
HardwareCorrupted:     0 kB
AnonHugePages:         0 kB
HugePages_Total:       0
HugePages_Free:        0
HugePages_Rsvd:        0
HugePages_Surp:        0
Hugepagesize:       2048 kB
DirectMap4k:      220032 kB
DirectMap2M:     3973120 kB


CPU:total 4 (4 cores per cpu, 1 threads per core) family 6 model 23 stepping 7, cmov, cx8, fxsr, mmx, sse, sse2, sse3, ssse3, sse4.1

/proc/cpuinfo:
processor	: 0
vendor_id	: GenuineIntel
cpu family	: 6
model		: 23
model name	: Intel(R) Core(TM)2 Quad  CPU   Q9450  @ 2.66GHz
stepping	: 7
cpu MHz		: 1998.000
cache size	: 6144 KB
physical id	: 0
siblings	: 4
core id		: 0
cpu cores	: 4
apicid		: 0
initial apicid	: 0
fpu		: yes
fpu_exception	: yes
cpuid level	: 10
wp		: yes
flags		: fpu vme de pse tsc msr pae mce cx8 apic sep mtrr pge mca cmov pat pse36 clflush dts acpi mmx fxsr sse sse2 ss ht tm pbe syscall nx lm constant_tsc arch_perfmon pebs bts rep_good nopl aperfmperf pni dtes64 monitor ds_cpl vmx smx est tm2 ssse3 cx16 xtpr pdcm sse4_1 lahf_lm dts tpr_shadow vnmi flexpriority
bogomips	: 5332.96
clflush size	: 64
cache_alignment	: 64
address sizes	: 36 bits physical, 48 bits virtual
power management:

processor	: 1
vendor_id	: GenuineIntel
cpu family	: 6
model		: 23
model name	: Intel(R) Core(TM)2 Quad  CPU   Q9450  @ 2.66GHz
stepping	: 7
cpu MHz		: 2664.000
cache size	: 6144 KB
physical id	: 0
siblings	: 4
core id		: 3
cpu cores	: 4
apicid		: 3
initial apicid	: 3
fpu		: yes
fpu_exception	: yes
cpuid level	: 10
wp		: yes
flags		: fpu vme de pse tsc msr pae mce cx8 apic sep mtrr pge mca cmov pat pse36 clflush dts acpi mmx fxsr sse sse2 ss ht tm pbe syscall nx lm constant_tsc arch_perfmon pebs bts rep_good nopl aperfmperf pni dtes64 monitor ds_cpl vmx smx est tm2 ssse3 cx16 xtpr pdcm sse4_1 lahf_lm dts tpr_shadow vnmi flexpriority
bogomips	: 5333.27
clflush size	: 64
cache_alignment	: 64
address sizes	: 36 bits physical, 48 bits virtual
power management:

processor	: 2
vendor_id	: GenuineIntel
cpu family	: 6
model		: 23
model name	: Intel(R) Core(TM)2 Quad  CPU   Q9450  @ 2.66GHz
stepping	: 7
cpu MHz		: 1998.000
cache size	: 6144 KB
physical id	: 0
siblings	: 4
core id		: 2
cpu cores	: 4
apicid		: 2
initial apicid	: 2
fpu		: yes
fpu_exception	: yes
cpuid level	: 10
wp		: yes
flags		: fpu vme de pse tsc msr pae mce cx8 apic sep mtrr pge mca cmov pat pse36 clflush dts acpi mmx fxsr sse sse2 ss ht tm pbe syscall nx lm constant_tsc arch_perfmon pebs bts rep_good nopl aperfmperf pni dtes64 monitor ds_cpl vmx smx est tm2 ssse3 cx16 xtpr pdcm sse4_1 lahf_lm dts tpr_shadow vnmi flexpriority
bogomips	: 5333.24
clflush size	: 64
cache_alignment	: 64
address sizes	: 36 bits physical, 48 bits virtual
power management:

processor	: 3
vendor_id	: GenuineIntel
cpu family	: 6
model		: 23
model name	: Intel(R) Core(TM)2 Quad  CPU   Q9450  @ 2.66GHz
stepping	: 7
cpu MHz		: 1998.000
cache size	: 6144 KB
physical id	: 0
siblings	: 4
core id		: 1
cpu cores	: 4
apicid		: 1
initial apicid	: 1
fpu		: yes
fpu_exception	: yes
cpuid level	: 10
wp		: yes
flags		: fpu vme de pse tsc msr pae mce cx8 apic sep mtrr pge mca cmov pat pse36 clflush dts acpi mmx fxsr sse sse2 ss ht tm pbe syscall nx lm constant_tsc arch_perfmon pebs bts rep_good nopl aperfmperf pni dtes64 monitor ds_cpl vmx smx est tm2 ssse3 cx16 xtpr pdcm sse4_1 lahf_lm dts tpr_shadow vnmi flexpriority
bogomips	: 5333.25
clflush size	: 64
cache_alignment	: 64
address sizes	: 36 bits physical, 48 bits virtual
power management:



Memory: 4k page, physical 4055664k(105672k free), swap 11878396k(11541848k free)

vm_info: Java HotSpot(TM) 64-Bit Server VM (20.1-b02) for linux-amd64 JRE (1.6.0_26-b03), built on May  4 2011 01:13:47 by "java_re" with gcc 3.2.2 (SuSE Linux)

time: Mon Feb 20 10:25:35 2012
elapsed time: 16 seconds

