#
# A fatal error has been detected by the Java Runtime Environment:
#
#  SIGSEGV (0xb) at pc=0x00007fb0ee91638a, pid=17494, tid=140398036096768
#
# JRE version: 6.0_26-b03
# Java VM: Java HotSpot(TM) 64-Bit Server VM (20.1-b02 mixed mode linux-amd64 compressed oops)
# Problematic frame:
# C  [libpango-1.0.so.0+0x1e38a]  pango_layout_new+0x2a
#
# If you would like to submit a bug report, please visit:
#   http://java.sun.com/webapps/bugreport/crash.jsp
# The crash happened outside the Java Virtual Machine in native code.
# See problematic frame for where to report the bug.
#

---------------  T H R E A D  ---------------

Current thread (0x000000004167e800):  JavaThread "main" [_thread_in_native, id=17495, stack(0x00007fb0f7019000,0x00007fb0f711a000)]

siginfo:si_signo=SIGSEGV: si_errno=0, si_code=1 (SEGV_MAPERR), si_addr=0x0000000000000018

Registers:
RAX=0x0000000000000000, RBX=0x00000000419ab4f0, RCX=0x0000000041c6a7c0, RDX=0x00007fb0ee427808
RSP=0x00007fb0f71136e0, RBP=0x0000000041aebed0, RSI=0x0000000000000000, RDI=0x00000000419ab4f0
R8 =0x00007fb0ee427808, R9 =0x0000000000004457, R10=0x0000000000000001, R11=0x0000000000000ffc
R12=0x0000000041dba300, R13=0x0000000000000000, R14=0x0000000041c74cf0, R15=0x0000000041dba300
RIP=0x00007fb0ee91638a, EFLAGS=0x0000000000010202, CSGSFS=0x0000000000000033, ERR=0x0000000000000006
  TRAPNO=0x000000000000000e

Top of Stack: (sp=0x00007fb0f71136e0)
0x00007fb0f71136e0:   0000000a00000000 0000000041c74cf0
0x00007fb0f71136f0:   0000000041aebed0 00007fb0f0b8feb9
0x00007fb0f7113700:   0000000000000000 0000000000000000
0x00007fb0f7113710:   0000000041dba300 0000000041aebed0
0x00007fb0f7113720:   0000000041dfbc50 0000000041c74cf0
0x00007fb0f7113730:   0000000000000000 00007fb0f0b923bd
0x00007fb0f7113740:   0000000000000001 00007fb0ee1e7b16
0x00007fb0f7113750:   0000000041db65a0 0000000000000000
0x00007fb0f7113760:   0000000041dff2c0 0000000041dba300
0x00007fb0f7113770:   00007fb0f71138f0 0000000000000000
0x00007fb0f7113780:   0000000041d8fd30 0000000041dba300
0x00007fb0f7113790:   0000000041da2810 0000000000000018
0x00007fb0f71137a0:   0000000000000001 0000000100000000
0x00007fb0f71137b0:   0000000000000000 00007fb0e0008c80
0x00007fb0f71137c0:   0000000000000000 0000000000000018
0x00007fb0f71137d0:   00007fb0e0008c98 0000000000000004
0x00007fb0f71137e0:   0000000041af9370 0000000000000000
0x00007fb0f71137f0:   0000000041c7ab00 0000000041c7a9f0
0x00007fb0f7113800:   0000000010000001 00007fb0f83391c0
0x00007fb0f7113810:   0000000000000000 0000000041cd1000
0x00007fb0f7113820:   0000000041dfbcb0 0000000041a93c90
0x00007fb0f7113830:   ffffffff00000000 ffffffffffffffff
0x00007fb0f7113840:   11fa0e1805bd66f2 0000000041dfbc50
0x00007fb0f7113850:   0000000041dfc2c0 ffffffff00000000
0x00007fb0f7113860:   00007fb0ee215170 00007fb0f7113890
0x00007fb0f7113870:   00000000000000ff 00007fb0ee1ed3e8
0x00007fb0f7113880:   0000000000000100 0000000041c74cf0
0x00007fb0f7113890:   0000000041aebed0 00007fb0e001bc10
0x00007fb0f71138a0:   0000000000000003 00007fb0f7113c50
0x00007fb0f71138b0:   0000000000000000 0000000041c74cf0
0x00007fb0f71138c0:   0000000000000000 00000000419ab540
0x00007fb0f71138d0:   0000000000000003 00007fb0f7113c50 

Instructions: (pc=0x00007fb0ee91638a)
0x00007fb0ee91636a:   48 83 ec 18 48 85 ff 48 89 fb 74 3a e8 55 ff ff
0x00007fb0ee91637a:   ff 31 f6 48 89 c7 31 c0 e8 59 e9 fe ff 48 89 df
0x00007fb0ee91638a:   48 89 58 18 48 89 c5 e8 8a e9 fe ff 48 89 e8 48
0x00007fb0ee91639a:   8b 5c 24 08 48 8b 6c 24 10 48 83 c4 18 c3 0f 1f 

Register to memory mapping:

RAX=0x0000000000000000 is an unknown value
RBX=0x00000000419ab4f0 is an unknown value
RCX=0x0000000041c6a7c0 is an unknown value
RDX=0x00007fb0ee427808: <offset 0x24f808> in /usr/lib/x86_64-linux-gnu/libgobject-2.0.so.0 at 0x00007fb0ee1d8000
RSP=0x00007fb0f71136e0 is pointing into the stack for thread: 0x000000004167e800
RBP=0x0000000041aebed0 is an unknown value
RSI=0x0000000000000000 is an unknown value
RDI=0x00000000419ab4f0 is an unknown value
R8 =0x00007fb0ee427808: <offset 0x24f808> in /usr/lib/x86_64-linux-gnu/libgobject-2.0.so.0 at 0x00007fb0ee1d8000
R9 =0x0000000000004457 is an unknown value
R10=0x0000000000000001 is an unknown value
R11=0x0000000000000ffc is an unknown value
R12=0x0000000041dba300 is an unknown value
R13=0x0000000000000000 is an unknown value
R14=0x0000000041c74cf0 is an unknown value
R15=0x0000000041dba300 is an unknown value


Stack: [0x00007fb0f7019000,0x00007fb0f711a000],  sp=0x00007fb0f71136e0,  free space=1001k
Native frames: (J=compiled Java code, j=interpreted, Vv=VM code, C=native code)
C  [libpango-1.0.so.0+0x1e38a]  pango_layout_new+0x2a

Java frames: (J=compiled Java code, j=interpreted, Vv=VM code)
j  org.eclipse.swt.internal.gtk.OS._gtk_main_do_event(J)V+0
j  org.eclipse.swt.internal.gtk.OS.gtk_main_do_event(J)V+8
j  org.eclipse.swt.widgets.Display.eventProc(JJ)J+132
v  ~StubRoutines::call_stub
j  org.eclipse.swt.internal.gtk.OS._g_main_context_iteration(JZ)Z+0
j  org.eclipse.swt.internal.gtk.OS.g_main_context_iteration(JZ)Z+9
j  org.eclipse.swt.widgets.Display.readAndDispatch()Z+23
j  edu.umich.soar.debugger.doc.Document.pumpMessagesTillClosed(Lorg/eclipse/swt/widgets/Display;)V+44
j  edu.umich.soar.debugger.SWTApplication.startApp([Ljava/lang/String;Lorg/eclipse/swt/widgets/Display;)V+620
j  edu.umich.soar.debugger.Application.<init>([Ljava/lang/String;ZLorg/eclipse/swt/widgets/Display;)V+17
j  edu.umich.soar.debugger.Application.main([Ljava/lang/String;)V+7
v  ~StubRoutines::call_stub

---------------  P R O C E S S  ---------------

Java Threads: ( => current thread )
  0x0000000041aa1800 JavaThread "Thread-4" [_thread_blocked, id=17694, stack(0x00007fb0e6a7b000,0x00007fb0e6b7c000)]
  0x0000000041f1e000 JavaThread "Thread-1" [_thread_in_native, id=17518, stack(0x00007fb0e6d84000,0x00007fb0e7585000)]
  0x0000000041a3c000 JavaThread "Thread-0" [_thread_blocked, id=17510, stack(0x00007fb0f1c71000,0x00007fb0f1d72000)]
  0x0000000041734800 JavaThread "Low Memory Detector" daemon [_thread_blocked, id=17504, stack(0x00007fb0f1e86000,0x00007fb0f1f87000)]
  0x000000004172f800 JavaThread "C2 CompilerThread1" daemon [_thread_blocked, id=17503, stack(0x00007fb0f1f87000,0x00007fb0f2088000)]
  0x000000004172c800 JavaThread "C2 CompilerThread0" daemon [_thread_blocked, id=17502, stack(0x00007fb0f2088000,0x00007fb0f2189000)]
  0x000000004172a800 JavaThread "Signal Dispatcher" daemon [_thread_blocked, id=17501, stack(0x00007fb0f2189000,0x00007fb0f228a000)]
  0x0000000041708000 JavaThread "Finalizer" daemon [_thread_blocked, id=17500, stack(0x00007fb0f252e000,0x00007fb0f262f000)]
  0x0000000041706000 JavaThread "Reference Handler" daemon [_thread_blocked, id=17499, stack(0x00007fb0f262f000,0x00007fb0f2730000)]
=>0x000000004167e800 JavaThread "main" [_thread_in_native, id=17495, stack(0x00007fb0f7019000,0x00007fb0f711a000)]

Other Threads:
  0x00000000416ff800 VMThread [stack: 0x00007fb0f2730000,0x00007fb0f2831000] [id=17498]
  0x000000004173f000 WatcherThread [stack: 0x00007fb0f1d85000,0x00007fb0f1e86000] [id=17506]

VM state:not at safepoint (normal execution)

VM Mutex/Monitor currently owned by a thread: None

Heap
 PSYoungGen      total 18240K, used 3833K [0x00000000ebab0000, 0x00000000ecf00000, 0x0000000100000000)
  eden space 15680K, 16% used [0x00000000ebab0000,0x00000000ebd36488,0x00000000eca00000)
  from space 2560K, 48% used [0x00000000eca00000,0x00000000ecb38020,0x00000000ecc80000)
  to   space 2560K, 0% used [0x00000000ecc80000,0x00000000ecc80000,0x00000000ecf00000)
 PSOldGen        total 41600K, used 0K [0x00000000c3000000, 0x00000000c58a0000, 0x00000000ebab0000)
  object space 41600K, 0% used [0x00000000c3000000,0x00000000c3000000,0x00000000c58a0000)
 PSPermGen       total 21248K, used 11966K [0x00000000bde00000, 0x00000000bf2c0000, 0x00000000c3000000)
  object space 21248K, 56% used [0x00000000bde00000,0x00000000be9af9f0,0x00000000bf2c0000)

Code Cache  [0x00007fb0f3283000, 0x00007fb0f34f3000, 0x00007fb0f6283000)
 total_blobs=467 nmethods=60 adapters=361 free_code_cache=49616768 largest_free_block=24896

Dynamic libraries:
40000000-40009000 r-xp 00000000 08:01 13374899                           /usr/lib/jvm/java-6-sun-1.6.0.26/jre/bin/java
40108000-4010a000 rwxp 00008000 08:01 13374899                           /usr/lib/jvm/java-6-sun-1.6.0.26/jre/bin/java
41676000-423ce000 rwxp 00000000 00:00 0                                  [heap]
bde00000-bf2c0000 rwxp 00000000 00:00 0 
bf2c0000-c3000000 rwxp 00000000 00:00 0 
c3000000-c58a0000 rwxp 00000000 00:00 0 
c58a0000-ebab0000 rwxp 00000000 00:00 0 
ebab0000-ecf00000 rwxp 00000000 00:00 0 
ecf00000-100000000 rwxp 00000000 00:00 0 
7fb0e0000000-7fb0e0699000 rwxp 00000000 00:00 0 
7fb0e0699000-7fb0e4000000 ---p 00000000 00:00 0 
7fb0e6a7b000-7fb0e6a7e000 ---p 00000000 00:00 0 
7fb0e6a7e000-7fb0e6b7c000 rwxp 00000000 00:00 0 
7fb0e6b7c000-7fb0e6b7f000 ---p 00000000 00:00 0 
7fb0e6b7f000-7fb0e6c7d000 rwxp 00000000 00:00 0 
7fb0e6c7d000-7fb0e6c83000 r-xp 00000000 08:01 13375052                   /usr/lib/jvm/java-6-sun-1.6.0.26/jre/lib/amd64/libmanagement.so
7fb0e6c83000-7fb0e6d82000 ---p 00006000 08:01 13375052                   /usr/lib/jvm/java-6-sun-1.6.0.26/jre/lib/amd64/libmanagement.so
7fb0e6d82000-7fb0e6d84000 rwxp 00005000 08:01 13375052                   /usr/lib/jvm/java-6-sun-1.6.0.26/jre/lib/amd64/libmanagement.so
7fb0e6d84000-7fb0e6d87000 ---p 00000000 00:00 0 
7fb0e6d87000-7fb0e7585000 rwxp 00000000 00:00 0 
7fb0e7585000-7fb0e75a2000 r-xp 00000000 08:01 12193715                   /usr/share/fonts/truetype/ttf-liberation/LiberationMono-BoldItalic.ttf
7fb0e75a2000-7fb0e75c1000 r-xp 00000000 08:01 12193716                   /usr/share/fonts/truetype/ttf-liberation/LiberationMono-Italic.ttf
7fb0e75c1000-7fb0e75db000 r-xp 00000000 08:01 12193714                   /usr/share/fonts/truetype/ttf-liberation/LiberationMono-Bold.ttf
7fb0e75db000-7fb0e75f6000 r-xp 00000000 08:01 12193717                   /usr/share/fonts/truetype/ttf-liberation/LiberationMono-Regular.ttf
7fb0e76d2000-7fb0e772b000 r-xp 00000000 08:01 12193795                   /usr/share/fonts/truetype/ubuntu-font-family/Ubuntu-BI.ttf
7fb0e772b000-7fb0e778b000 r-xp 00000000 08:01 12193793                   /usr/share/fonts/truetype/ubuntu-font-family/Ubuntu-RI.ttf
7fb0e778b000-7fb0e77de000 r-xp 00000000 08:01 12193794                   /usr/share/fonts/truetype/ubuntu-font-family/Ubuntu-B.ttf
7fb0e77de000-7fb0e77e0000 r-xp 00000000 08:01 39583786                   /lib/x86_64-linux-gnu/libutil-2.13.so
7fb0e77e0000-7fb0e79df000 ---p 00002000 08:01 39583786                   /lib/x86_64-linux-gnu/libutil-2.13.so
7fb0e79df000-7fb0e79e0000 r-xp 00001000 08:01 39583786                   /lib/x86_64-linux-gnu/libutil-2.13.so
7fb0e79e0000-7fb0e79e1000 rwxp 00002000 08:01 39583786                   /lib/x86_64-linux-gnu/libutil-2.13.so
7fb0e79e1000-7fb0e79ee000 r-xp 00000000 08:01 39583859                   /lib/x86_64-linux-gnu/libudev.so.0.11.1
7fb0e79ee000-7fb0e7bed000 ---p 0000d000 08:01 39583859                   /lib/x86_64-linux-gnu/libudev.so.0.11.1
7fb0e7bed000-7fb0e7bee000 r-xp 0000c000 08:01 39583859                   /lib/x86_64-linux-gnu/libudev.so.0.11.1
7fb0e7bee000-7fb0e7bef000 rwxp 0000d000 08:01 39583859                   /lib/x86_64-linux-gnu/libudev.so.0.11.1
7fb0e7bef000-7fb0e7c06000 r-xp 00000000 08:01 9181283                    /usr/lib/libgvfscommon.so.0.0.0
7fb0e7c06000-7fb0e7e05000 ---p 00017000 08:01 9181283                    /usr/lib/libgvfscommon.so.0.0.0
7fb0e7e05000-7fb0e7e06000 r-xp 00016000 08:01 9181283                    /usr/lib/libgvfscommon.so.0.0.0
7fb0e7e06000-7fb0e7e07000 rwxp 00017000 08:01 9181283                    /usr/lib/libgvfscommon.so.0.0.0
7fb0e7e07000-7fb0e7e30000 r-xp 00000000 08:01 10224935                   /usr/lib/gio/modules/libgvfsdbus.so
7fb0e7e30000-7fb0e802f000 ---p 00029000 08:01 10224935                   /usr/lib/gio/modules/libgvfsdbus.so
7fb0e802f000-7fb0e8030000 r-xp 00028000 08:01 10224935                   /usr/lib/gio/modules/libgvfsdbus.so
7fb0e8030000-7fb0e8031000 rwxp 00029000 08:01 10224935                   /usr/lib/gio/modules/libgvfsdbus.so
7fb0e8031000-7fb0e8073000 r-xp 00000000 08:01 39583815                   /lib/x86_64-linux-gnu/libdbus-1.so.3.5.4
7fb0e8073000-7fb0e8273000 ---p 00042000 08:01 39583815                   /lib/x86_64-linux-gnu/libdbus-1.so.3.5.4
7fb0e8273000-7fb0e8274000 r-xp 00042000 08:01 39583815                   /lib/x86_64-linux-gnu/libdbus-1.so.3.5.4
7fb0e8274000-7fb0e8275000 rwxp 00043000 08:01 39583815                   /lib/x86_64-linux-gnu/libdbus-1.so.3.5.4
7fb0e8275000-7fb0e82b7000 r-xp 00000000 08:01 9186900                    /usr/lib/libibus.so.2.0.0
7fb0e82b7000-7fb0e84b7000 ---p 00042000 08:01 9186900                    /usr/lib/libibus.so.2.0.0
7fb0e84b7000-7fb0e84b8000 r-xp 00042000 08:01 9186900                    /usr/lib/libibus.so.2.0.0
7fb0e84b8000-7fb0e84b9000 rwxp 00043000 08:01 9186900                    /usr/lib/libibus.so.2.0.0
7fb0e84b9000-7fb0e84ba000 rwxp 00000000 00:00 0 
7fb0e84ba000-7fb0e84bf000 r-xp 00000000 08:01 10489504                   /usr/lib/gtk-2.0/2.10.0/immodules/im-ibus.so
7fb0e84bf000-7fb0e86be000 ---p 00005000 08:01 10489504                   /usr/lib/gtk-2.0/2.10.0/immodules/im-ibus.so
7fb0e86be000-7fb0e86bf000 r-xp 00004000 08:01 10489504                   /usr/lib/gtk-2.0/2.10.0/immodules/im-ibus.so
7fb0e86bf000-7fb0e86c0000 rwxp 00005000 08:01 10489504                   /usr/lib/gtk-2.0/2.10.0/immodules/im-ibus.so
7fb0e86c0000-7fb0e86c1000 ---p 00000000 00:00 0 
7fb0e86c1000-7fb0e8ec1000 rwxp 00000000 00:00 0 
7fb0e8ec1000-7fb0e8ec2000 ---p 00000000 00:00 0 
7fb0e8ec2000-7fb0e96c2000 rwxp 00000000 00:00 0 
7fb0e96c2000-7fb0e96d9000 r-xp 00000000 08:01 9178907                    /usr/lib/libdbusmenu-glib.so.3.0.14
7fb0e96d9000-7fb0e98d9000 ---p 00017000 08:01 9178907                    /usr/lib/libdbusmenu-glib.so.3.0.14
7fb0e98d9000-7fb0e98da000 r-xp 00017000 08:01 9178907                    /usr/lib/libdbusmenu-glib.so.3.0.14
7fb0e98da000-7fb0e98db000 rwxp 00018000 08:01 9178907                    /usr/lib/libdbusmenu-glib.so.3.0.14
7fb0e98db000-7fb0e98ec000 r-xp 00000000 08:01 9181104                    /usr/lib/libdbusmenu-gtk.so.3.0.14
7fb0e98ec000-7fb0e9aeb000 ---p 00011000 08:01 9181104                    /usr/lib/libdbusmenu-gtk.so.3.0.14
7fb0e9aeb000-7fb0e9aec000 r-xp 00010000 08:01 9181104                    /usr/lib/libdbusmenu-gtk.so.3.0.14
7fb0e9aec000-7fb0e9aed000 rwxp 00011000 08:01 9181104                    /usr/lib/libdbusmenu-gtk.so.3.0.14
7fb0e9b0c000-7fb0e9b11000 r-xp 00000000 08:01 11277840                   /usr/lib/gtk-2.0/2.10.0/menuproxies/libappmenu.so
7fb0e9b11000-7fb0e9d10000 ---p 00005000 08:01 11277840                   /usr/lib/gtk-2.0/2.10.0/menuproxies/libappmenu.so
7fb0e9d10000-7fb0e9d11000 r-xp 00004000 08:01 11277840                   /usr/lib/gtk-2.0/2.10.0/menuproxies/libappmenu.so
7fb0e9d11000-7fb0e9d12000 rwxp 00005000 08:01 11277840                   /usr/lib/gtk-2.0/2.10.0/menuproxies/libappmenu.so
7fb0e9d12000-7fb0e9d13000 r-xs 00001000 08:01 35915327                   /home/mininger/sandbox/share/java/soar-debugger-api-9.3.1.jar
7fb0e9d13000-7fb0e9d1a000 r-xs 00059000 08:01 35915295                   /home/mininger/sandbox/share/java/log4j-1.2.15.jar
7fb0e9d1a000-7fb0e9d1c000 r-xs 0000d000 08:01 35915206                   /home/mininger/sandbox/share/java/commons-logging-1.1.1.jar
7fb0e9d1c000-7fb0e9d1d000 r-xs 00003000 08:01 35915424                   /home/mininger/sandbox/share/java/swtgraphics2d.jar
7fb0e9d1d000-7fb0e9d1f000 r-xs 00010000 08:01 35915379                   /home/mininger/sandbox/share/java/jfreechart-1.0.6-swt.jar
7fb0e9d1f000-7fb0e9d2e000 r-xs 0011a000 08:01 35915368                   /home/mininger/sandbox/share/java/jfreechart-1.0.6.jar
7fb0e9d2e000-7fb0e9d34000 r-xs 00047000 08:01 35915405                   /home/mininger/sandbox/share/java/jcommon-1.0.10.jar
7fb0e9d34000-7fb0e9d94000 rwxs 00000000 00:04 81625123                   /SYSV00000000 (deleted)
7fb0e9d94000-7fb0e9de3000 r-xp 00000000 08:01 10355119                   /usr/share/fonts/truetype/ttf-dejavu/DejaVuSansMono.ttf
7fb0e9de3000-7fb0e9e3b000 r-xp 00000000 08:01 12193792                   /usr/share/fonts/truetype/ubuntu-font-family/Ubuntu-R.ttf
7fb0e9e3b000-7fb0e9e3d000 r-xp 00000000 08:01 10486958                   /usr/lib/x86_64-linux-gnu/pango/1.6.0/modules/pango-basic-fc.so
7fb0e9e3d000-7fb0ea03c000 ---p 00002000 08:01 10486958                   /usr/lib/x86_64-linux-gnu/pango/1.6.0/modules/pango-basic-fc.so
7fb0ea03c000-7fb0ea03d000 r-xp 00001000 08:01 10486958                   /usr/lib/x86_64-linux-gnu/pango/1.6.0/modules/pango-basic-fc.so
7fb0ea03d000-7fb0ea03e000 rwxp 00002000 08:01 10486958                   /usr/lib/x86_64-linux-gnu/pango/1.6.0/modules/pango-basic-fc.so
7fb0ea03e000-7fb0ea03f000 r-xs 00000000 08:01 31329933                   /var/cache/fontconfig/26de28bc8622bbc1fb67fd234c21975f-le64.cache-3
7fb0ea03f000-7fb0ea040000 r-xs 00000000 08:01 31329026                   /var/cache/fontconfig/c05880de57d1f5e948fdfacc138775d9-le64.cache-3
7fb0ea040000-7fb0ea049000 r-xs 00000000 08:01 31329005                   /var/cache/fontconfig/945677eb7aeaf62f1d50efc3fb3ec7d8-le64.cache-3
7fb0ea049000-7fb0ea04b000 r-xs 00000000 08:01 31329024                   /var/cache/fontconfig/99e8ed0e538f840c565b6ed5dad60d56-le64.cache-3
7fb0ea04b000-7fb0ea04e000 r-xs 00000000 08:01 31329023                   /var/cache/fontconfig/e383d7ea5fbe662a33d9b44caf393297-le64.cache-3
7fb0ea04e000-7fb0ea055000 r-xs 00000000 08:01 31330012                   /var/cache/fontconfig/401a5dd6b567794a1d18dd9342dfa604-le64.cache-3
7fb0ea055000-7fb0ea057000 r-xs 00000000 08:01 31329022                   /var/cache/fontconfig/2cd17615ca594fa2959ae173292e504c-le64.cache-3
7fb0ea057000-7fb0ea058000 r-xs 00000000 08:01 31329021                   /var/cache/fontconfig/e7071f4a29fa870f4323321c154eba04-le64.cache-3
7fb0ea058000-7fb0ea05c000 r-xs 00000000 08:01 31329020                   /var/cache/fontconfig/6eb3985aa4124903f6ff08ba781cd364-le64.cache-3
7fb0ea05c000-7fb0ea05d000 r-xs 00000000 08:01 31329019                   /var/cache/fontconfig/4c73fe0c47614734b17d736dbde7580a-le64.cache-3
7fb0ea05d000-7fb0ea05e000 r-xs 00000000 08:01 31329018                   /var/cache/fontconfig/0d8c3b2ac0904cb8a57a757ad11a4a08-le64.cache-3
7fb0ea05e000-7fb0ea064000 r-xs 00000000 08:01 31329016                   /var/cache/fontconfig/a755afe4a08bf5b97852ceb7400b47bc-le64.cache-3
7fb0ea064000-7fb0ea06d000 r-xs 00000000 08:01 31330403                   /var/cache/fontconfig/6d41288fd70b0be22e8c3a91e032eec0-le64.cache-3
7fb0ea06d000-7fb0ea076000 r-xp 00000000 08:01 10755334                   /usr/lib/gtk-2.0/2.10.0/engines/libpixmap.so
7fb0ea076000-7fb0ea276000 ---p 00009000 08:01 10755334                   /usr/lib/gtk-2.0/2.10.0/engines/libpixmap.so
7fb0ea276000-7fb0ea277000 r-xp 00009000 08:01 10755334                   /usr/lib/gtk-2.0/2.10.0/engines/libpixmap.so
7fb0ea277000-7fb0ea278000 rwxp 0000a000 08:01 10755334                   /usr/lib/gtk-2.0/2.10.0/engines/libpixmap.so
7fb0ea278000-7fb0ea2a7000 r-xp 00000000 08:01 10755335                   /usr/lib/gtk-2.0/2.10.0/engines/libmurrine.so
7fb0ea2a7000-7fb0ea4a7000 ---p 0002f000 08:01 10755335                   /usr/lib/gtk-2.0/2.10.0/engines/libmurrine.so
7fb0ea4a7000-7fb0ea4a8000 r-xp 0002f000 08:01 10755335                   /usr/lib/gtk-2.0/2.10.0/engines/libmurrine.so
7fb0ea4a8000-7fb0ea4a9000 rwxp 00030000 08:01 10755335                   /usr/lib/gtk-2.0/2.10.0/engines/libmurrine.so
7fb0ea4a9000-7fb0ea4af000 r-xp 00000000 08:01 9183375                    /usr/lib/libogg.so.0.7.0
7fb0ea4af000-7fb0ea6ae000 ---p 00006000 08:01 9183375                    /usr/lib/libogg.so.0.7.0
7fb0ea6ae000-7fb0ea6af000 r-xp 00005000 08:01 9183375                    /usr/lib/libogg.so.0.7.0
7fb0ea6af000-7fb0ea6b0000 rwxp 00006000 08:01 9183375                    /usr/lib/libogg.so.0.7.0
7fb0ea6b0000-7fb0ea6db000 r-xp 00000000 08:01 9183378                    /usr/lib/libvorbis.so.0.4.5
7fb0ea6db000-7fb0ea8da000 ---p 0002b000 08:01 9183378                    /usr/lib/libvorbis.so.0.4.5
7fb0ea8da000-7fb0ea8db000 r-xp 0002a000 08:01 9183378                    /usr/lib/libvorbis.so.0.4.5
7fb0ea8db000-7fb0ea8dc000 rwxp 0002b000 08:01 9183378                    /usr/lib/libvorbis.so.0.4.5
7fb0ea8dc000-7fb0ea8e4000 r-xp 00000000 08:01 9183371                    /usr/lib/libltdl.so.7.2.1
7fb0ea8e4000-7fb0eaae4000 ---p 00008000 08:01 9183371                    /usr/lib/libltdl.so.7.2.1
7fb0eaae4000-7fb0eaae5000 r-xp 00008000 08:01 9183371                    /usr/lib/libltdl.so.7.2.1
7fb0eaae5000-7fb0eaae6000 rwxp 00009000 08:01 9183371                    /usr/lib/libltdl.so.7.2.1
7fb0eaae6000-7fb0eaaf6000 r-xp 00000000 08:01 9183373                    /usr/lib/libtdb.so.1.2.9
7fb0eaaf6000-7fb0eacf5000 ---p 00010000 08:01 9183373                    /usr/lib/libtdb.so.1.2.9
7fb0eacf5000-7fb0eacf6000 r-xp 0000f000 08:01 9183373                    /usr/lib/libtdb.so.1.2.9
7fb0eacf6000-7fb0eacf7000 rwxp 00010000 08:01 9183373                    /usr/lib/libtdb.so.1.2.9
7fb0eacf7000-7fb0eacfe000 r-xp 00000000 08:01 9183381                    /usr/lib/libvorbisfile.so.3.3.4
7fb0eacfe000-7fb0eaefd000 ---p 00007000 08:01 9183381                    /usr/lib/libvorbisfile.so.3.3.4
7fb0eaefd000-7fb0eaefe000 r-xp 00006000 08:01 9183381                    /usr/lib/libvorbisfile.so.3.3.4
7fb0eaefe000-7fb0eaeff000 rwxp 00007000 08:01 9183381                    /usr/lib/libvorbisfile.so.3.3.4
7fb0eaeff000-7fb0eaf0e000 r-xp 00000000 08:01 9183383                    /usr/lib/libcanberra.so.0.2.5
7fb0eaf0e000-7fb0eb10d000 ---p 0000f000 08:01 9183383                    /usr/lib/libcanberra.so.0.2.5
7fb0eb10d000-7fb0eb10e000 r-xp 0000e000 08:01 9183383                    /usr/lib/libcanberra.so.0.2.5
7fb0eb10e000-7fb0eb10f000 rwxp 0000f000 08:01 9183383                    /usr/lib/libcanberra.so.0.2.5
7fb0eb10f000-7fb0eb113000 r-xp 00000000 08:01 9183385                    /usr/lib/libcanberra-gtk.so.0.1.8
7fb0eb113000-7fb0eb312000 ---p 00004000 08:01 9183385                    /usr/lib/libcanberra-gtk.so.0.1.8
7fb0eb312000-7fb0eb313000 r-xp 00003000 08:01 9183385                    /usr/lib/libcanberra-gtk.so.0.1.8
7fb0eb313000-7fb0eb314000 rwxp 00004000 08:01 9183385                    /usr/lib/libcanberra-gtk.so.0.1.8
7fb0eb314000-7fb0eb319000 r-xp 00000000 08:01 11279993                   /usr/lib/gtk-2.0/modules/libcanberra-gtk-module.so
7fb0eb319000-7fb0eb518000 ---p 00005000 08:01 11279993                   /usr/lib/gtk-2.0/modules/libcanberra-gtk-module.so
7fb0eb518000-7fb0eb519000 r-xp 00004000 08:01 11279993                   /usr/lib/gtk-2.0/modules/libcanberra-gtk-module.so
7fb0eb519000-7fb0eb51a000 rwxp 00005000 08:01 11279993                   /usr/lib/gtk-2.0/modules/libcanberra-gtk-module.so
7fb0eb51a000-7fb0eb524000 r-xp 00000000 08:01 9181308                    /usr/lib/liboverlay-scrollbar-0.1.so.0.0.12
7fb0eb524000-7fb0eb723000 ---p 0000a000 08:01 9181308                    /usr/lib/liboverlay-scrollbar-0.1.so.0.0.12
7fb0eb723000-7fb0eb724000 r-xp 00009000 08:01 9181308                    /usr/lib/liboverlay-scrollbar-0.1.so.0.0.12
7fb0eb724000-7fb0eb725000 rwxp 0000a000 08:01 9181308                    /usr/lib/liboverlay-scrollbar-0.1.so.0.0.12
7fb0eb725000-7fb0eb72a000 r-xp 00000000 08:01 9182743                    /usr/lib/x86_64-linux-gnu/libXdmcp.so.6.0.0
7fb0eb72a000-7fb0eb929000 ---p 00005000 08:01 9182743                    /usr/lib/x86_64-linux-gnu/libXdmcp.so.6.0.0
7fb0eb929000-7fb0eb92a000 r-xp 00004000 08:01 9182743                    /usr/lib/x86_64-linux-gnu/libXdmcp.so.6.0.0
7fb0eb92a000-7fb0eb92b000 rwxp 00005000 08:01 9182743                    /usr/lib/x86_64-linux-gnu/libXdmcp.so.6.0.0
7fb0eb92b000-7fb0eb92d000 r-xp 00000000 08:01 9182741                    /usr/lib/x86_64-linux-gnu/libXau.so.6.0.0
7fb0eb92d000-7fb0ebb2c000 ---p 00002000 08:01 9182741                    /usr/lib/x86_64-linux-gnu/libXau.so.6.0.0
7fb0ebb2c000-7fb0ebb2d000 r-xp 00001000 08:01 9182741                    /usr/lib/x86_64-linux-gnu/libXau.so.6.0.0
7fb0ebb2d000-7fb0ebb2e000 rwxp 00002000 08:01 9182741                    /usr/lib/x86_64-linux-gnu/libXau.so.6.0.0
7fb0ebb2e000-7fb0ebb55000 r-xp 00000000 08:01 39583992                   /lib/x86_64-linux-gnu/libexpat.so.1.5.2
7fb0ebb55000-7fb0ebd55000 ---p 00027000 08:01 39583992                   /lib/x86_64-linux-gnu/libexpat.so.1.5.2
7fb0ebd55000-7fb0ebd57000 r-xp 00027000 08:01 39583992                   /lib/x86_64-linux-gnu/libexpat.so.1.5.2
7fb0ebd57000-7fb0ebd58000 rwxp 00029000 08:01 39583992                   /lib/x86_64-linux-gnu/libexpat.so.1.5.2
7fb0ebd58000-7fb0ebd74000 r-xp 00000000 08:01 39583816                   /lib/x86_64-linux-gnu/libselinux.so.1
7fb0ebd74000-7fb0ebf73000 ---p 0001c000 08:01 39583816                   /lib/x86_64-linux-gnu/libselinux.so.1
7fb0ebf73000-7fb0ebf74000 r-xp 0001b000 08:01 39583816                   /lib/x86_64-linux-gnu/libselinux.so.1
7fb0ebf74000-7fb0ebf75000 rwxp 0001c000 08:01 39583816                   /lib/x86_64-linux-gnu/libselinux.so.1
7fb0ebf75000-7fb0ebf76000 rwxp 00000000 00:00 0 
7fb0ebf76000-7fb0ebf8d000 r-xp 00000000 08:01 39583782                   /lib/x86_64-linux-gnu/libresolv-2.13.so
7fb0ebf8d000-7fb0ec18d000 ---p 00017000 08:01 39583782                   /lib/x86_64-linux-gnu/libresolv-2.13.so
7fb0ec18d000-7fb0ec18e000 r-xp 00017000 08:01 39583782                   /lib/x86_64-linux-gnu/libresolv-2.13.so
7fb0ec18e000-7fb0ec18f000 rwxp 00018000 08:01 39583782                   /lib/x86_64-linux-gnu/libresolv-2.13.so
7fb0ec18f000-7fb0ec191000 rwxp 00000000 00:00 0 
7fb0ec191000-7fb0ec1a8000 r-xp 00000000 08:01 39583986                   /lib/x86_64-linux-gnu/libz.so.1.2.3.4
7fb0ec1a8000-7fb0ec3a7000 ---p 00017000 08:01 39583986                   /lib/x86_64-linux-gnu/libz.so.1.2.3.4
7fb0ec3a7000-7fb0ec3a8000 r-xp 00016000 08:01 39583986                   /lib/x86_64-linux-gnu/libz.so.1.2.3.4
7fb0ec3a8000-7fb0ec3a9000 rwxp 00017000 08:01 39583986                   /lib/x86_64-linux-gnu/libz.so.1.2.3.4
7fb0ec3a9000-7fb0ec3b0000 r-xp 00000000 08:01 9182751                    /usr/lib/x86_64-linux-gnu/libxcb-render.so.0.0.0
7fb0ec3b0000-7fb0ec5b0000 ---p 00007000 08:01 9182751                    /usr/lib/x86_64-linux-gnu/libxcb-render.so.0.0.0
7fb0ec5b0000-7fb0ec5b1000 r-xp 00007000 08:01 9182751                    /usr/lib/x86_64-linux-gnu/libxcb-render.so.0.0.0
7fb0ec5b1000-7fb0ec5b2000 rwxp 00008000 08:01 9182751                    /usr/lib/x86_64-linux-gnu/libxcb-render.so.0.0.0
7fb0ec5b2000-7fb0ec5b4000 r-xp 00000000 08:01 9182753                    /usr/lib/x86_64-linux-gnu/libxcb-shm.so.0.0.0
7fb0ec5b4000-7fb0ec7b3000 ---p 00002000 08:01 9182753                    /usr/lib/x86_64-linux-gnu/libxcb-shm.so.0.0.0
7fb0ec7b3000-7fb0ec7b4000 r-xp 00001000 08:01 9182753                    /usr/lib/x86_64-linux-gnu/libxcb-shm.so.0.0.0
7fb0ec7b4000-7fb0ec7b5000 rwxp 00002000 08:01 9182753                    /usr/lib/x86_64-linux-gnu/libxcb-shm.so.0.0.0
7fb0ec7b5000-7fb0ec7db000 r-xp 00000000 08:01 39583827                   /lib/x86_64-linux-gnu/libpng12.so.0.44.0
7fb0ec7db000-7fb0ec9da000 ---p 00026000 08:01 39583827                   /lib/x86_64-linux-gnu/libpng12.so.0.44.0
7fb0ec9da000-7fb0ec9db000 r-xp 00025000 08:01 39583827                   /lib/x86_64-linux-gnu/libpng12.so.0.44.0
7fb0ec9db000-7fb0ec9dc000 rwxp 00026000 08:01 39583827                   /lib/x86_64-linux-gnu/libpng12.so.0.44.0
7fb0ec9dc000-7fb0eca44000 r-xp 00000000 08:01 9182814                    /usr/lib/libpixman-1.so.0.20.2
7fb0eca44000-7fb0ecc44000 ---p 00068000 08:01 9182814                    /usr/lib/libpixman-1.so.0.20.2
7fb0ecc44000-7fb0ecc49000 r-xp 00068000 08:01 9182814                    /usr/lib/libpixman-1.so.0.20.2
7fb0ecc49000-7fb0ecc4a000 rwxp 0006d000 08:01 9182814                    /usr/lib/libpixman-1.so.0.20.2
7fb0ecc4a000-7fb0ecc65000 r-xp 00000000 08:01 9182745                    /usr/lib/x86_64-linux-gnu/libxcb.so.1.1.0
7fb0ecc65000-7fb0ece64000 ---p 0001b000 08:01 9182745                    /usr/lib/x86_64-linux-gnu/libxcb.so.1.1.0
7fb0ece64000-7fb0ece65000 r-xp 0001a000 08:01 9182745                    /usr/lib/x86_64-linux-gnu/libxcb.so.1.1.0
7fb0ece65000-7fb0ece66000 rwxp 0001b000 08:01 9182745                    /usr/lib/x86_64-linux-gnu/libxcb.so.1.1.0
7fb0ece66000-7fb0ece6f000 r-xp 00000000 08:01 9183265                    /usr/lib/x86_64-linux-gnu/libXcursor.so.1.0.2
7fb0ece6f000-7fb0ed06e000 ---p 00009000 08:01 9183265                    /usr/lib/x86_64-linux-gnu/libXcursor.so.1.0.2
7fb0ed06e000-7fb0ed06f000 r-xp 00008000 08:01 9183265                    /usr/lib/x86_64-linux-gnu/libXcursor.so.1.0.2
7fb0ed06f000-7fb0ed070000 rwxp 00009000 08:01 9183265                    /usr/lib/x86_64-linux-gnu/libXcursor.so.1.0.2
7fb0ed070000-7fb0ed078000 r-xp 00000000 08:01 9182904                    /usr/lib/x86_64-linux-gnu/libXrandr.so.2.2.0
7fb0ed078000-7fb0ed277000 ---p 00008000 08:01 9182904                    /usr/lib/x86_64-linux-gnu/libXrandr.so.2.2.0
7fb0ed277000-7fb0ed278000 r-xp 00007000 08:01 9182904                    /usr/lib/x86_64-linux-gnu/libXrandr.so.2.2.0
7fb0ed278000-7fb0ed279000 rwxp 00008000 08:01 9182904                    /usr/lib/x86_64-linux-gnu/libXrandr.so.2.2.0
7fb0ed279000-7fb0ed288000 r-xp 00000000 08:01 9182902                    /usr/lib/x86_64-linux-gnu/libXi.so.6.1.0
7fb0ed288000-7fb0ed487000 ---p 0000f000 08:01 9182902                    /usr/lib/x86_64-linux-gnu/libXi.so.6.1.0
7fb0ed487000-7fb0ed488000 r-xp 0000e000 08:01 9182902                    /usr/lib/x86_64-linux-gnu/libXi.so.6.1.0
7fb0ed488000-7fb0ed489000 rwxp 0000f000 08:01 9182902                    /usr/lib/x86_64-linux-gnu/libXi.so.6.1.0
7fb0ed489000-7fb0ed48b000 r-xp 00000000 08:01 9183269                    /usr/lib/x86_64-linux-gnu/libXinerama.so.1.0.0
7fb0ed48b000-7fb0ed68a000 ---p 00002000 08:01 9183269                    /usr/lib/x86_64-linux-gnu/libXinerama.so.1.0.0
7fb0ed68a000-7fb0ed68b000 r-xp 00001000 08:01 9183269                    /usr/lib/x86_64-linux-gnu/libXinerama.so.1.0.0
7fb0ed68b000-7fb0ed68c000 rwxp 00002000 08:01 9183269                    /usr/lib/x86_64-linux-gnu/libXinerama.so.1.0.0
7fb0ed68c000-7fb0ed695000 r-xp 00000000 08:01 9182755                    /usr/lib/x86_64-linux-gnu/libXrender.so.1.3.0
7fb0ed695000-7fb0ed895000 ---p 00009000 08:01 9182755                    /usr/lib/x86_64-linux-gnu/libXrender.so.1.3.0
7fb0ed895000-7fb0ed896000 r-xp 00009000 08:01 9182755                    /usr/lib/x86_64-linux-gnu/libXrender.so.1.3.0
7fb0ed896000-7fb0ed897000 rwxp 0000a000 08:01 9182755                    /usr/lib/x86_64-linux-gnu/libXrender.so.1.3.0
7fb0ed897000-7fb0ed8a8000 r-xp 00000000 08:01 9182829                    /usr/lib/x86_64-linux-gnu/libXext.so.6.4.0
7fb0ed8a8000-7fb0edaa7000 ---p 00011000 08:01 9182829                    /usr/lib/x86_64-linux-gnu/libXext.so.6.4.0
7fb0edaa7000-7fb0edaa8000 r-xp 00010000 08:01 9182829                    /usr/lib/x86_64-linux-gnu/libXext.so.6.4.0
7fb0edaa8000-7fb0edaa9000 rwxp 00011000 08:01 9182829                    /usr/lib/x86_64-linux-gnu/libXext.so.6.4.0
7fb0edaa9000-7fb0edae4000 r-xp 00000000 08:01 39583841                   /lib/x86_64-linux-gnu/libpcre.so.3.12.1
7fb0edae4000-7fb0edce3000 ---p 0003b000 08:01 39583841                   /lib/x86_64-linux-gnu/libpcre.so.3.12.1
7fb0edce3000-7fb0edce4000 r-xp 0003a000 08:01 39583841                   /lib/x86_64-linux-gnu/libpcre.so.3.12.1
7fb0edce4000-7fb0edce5000 rwxp 0003b000 08:01 39583841                   /lib/x86_64-linux-gnu/libpcre.so.3.12.1
7fb0edce5000-7fb0eddd2000 r-xp 00000000 08:01 39583790                   /lib/x86_64-linux-gnu/libglib-2.0.so.0.2800.6
7fb0eddd2000-7fb0edfd1000 ---p 000ed000 08:01 39583790                   /lib/x86_64-linux-gnu/libglib-2.0.so.0.2800.6
7fb0edfd1000-7fb0edfd2000 r-xp 000ec000 08:01 39583790                   /lib/x86_64-linux-gnu/libglib-2.0.so.0.2800.6
7fb0edfd2000-7fb0edfd3000 rwxp 000ed000 08:01 39583790                   /lib/x86_64-linux-gnu/libglib-2.0.so.0.2800.6
7fb0edfd3000-7fb0edfd4000 rwxp 00000000 00:00 0 
7fb0edfd4000-7fb0edfd7000 r-xp 00000000 08:01 9175870                    /usr/lib/x86_64-linux-gnu/libgmodule-2.0.so.0.2800.6
7fb0edfd7000-7fb0ee1d6000 ---p 00003000 08:01 9175870                    /usr/lib/x86_64-linux-gnu/libgmodule-2.0.so.0.2800.6
7fb0ee1d6000-7fb0ee1d7000 r-xp 00002000 08:01 9175870                    /usr/lib/x86_64-linux-gnu/libgmodule-2.0.so.0.2800.6
7fb0ee1d7000-7fb0ee1d8000 rwxp 00003000 08:01 9175870                    /usr/lib/x86_64-linux-gnu/libgmodule-2.0.so.0.2800.6
7fb0ee1d8000-7fb0ee226000 r-xp 00000000 08:01 9175871                    /usr/lib/x86_64-linux-gnu/libgobject-2.0.so.0.2800.6
7fb0ee226000-7fb0ee426000 ---p 0004e000 08:01 9175871                    /usr/lib/x86_64-linux-gnu/libgobject-2.0.so.0.2800.6
7fb0ee426000-7fb0ee427000 r-xp 0004e000 08:01 9175871                    /usr/lib/x86_64-linux-gnu/libgobject-2.0.so.0.2800.6
7fb0ee427000-7fb0ee428000 rwxp 0004f000 08:01 9175871                    /usr/lib/x86_64-linux-gnu/libgobject-2.0.so.0.2800.6
7fb0ee428000-7fb0ee429000 rwxp 00000000 00:00 0 
7fb0ee429000-7fb0ee45d000 r-xp 00000000 08:01 9182739                    /usr/lib/x86_64-linux-gnu/libfontconfig.so.1.4.4
7fb0ee45d000-7fb0ee65d000 ---p 00034000 08:01 9182739                    /usr/lib/x86_64-linux-gnu/libfontconfig.so.1.4.4
7fb0ee65d000-7fb0ee65e000 r-xp 00034000 08:01 9182739                    /usr/lib/x86_64-linux-gnu/libfontconfig.so.1.4.4
7fb0ee65e000-7fb0ee65f000 rwxp 00035000 08:01 9182739                    /usr/lib/x86_64-linux-gnu/libfontconfig.so.1.4.4
7fb0ee65f000-7fb0ee6f2000 r-xp 00000000 08:01 9175238                    /usr/lib/x86_64-linux-gnu/libfreetype.so.6.6.2
7fb0ee6f2000-7fb0ee8f1000 ---p 00093000 08:01 9175238                    /usr/lib/x86_64-linux-gnu/libfreetype.so.6.6.2
7fb0ee8f1000-7fb0ee8f7000 r-xp 00092000 08:01 9175238                    /usr/lib/x86_64-linux-gnu/libfreetype.so.6.6.2
7fb0ee8f7000-7fb0ee8f8000 rwxp 00098000 08:01 9175238                    /usr/lib/x86_64-linux-gnu/libfreetype.so.6.6.2
7fb0ee8f8000-7fb0ee93f000 r-xp 00000000 08:01 9183253                    /usr/lib/x86_64-linux-gnu/libpango-1.0.so.0.2800.4
7fb0ee93f000-7fb0eeb3f000 ---p 00047000 08:01 9183253                    /usr/lib/x86_64-linux-gnu/libpango-1.0.so.0.2800.4
7fb0eeb3f000-7fb0eeb41000 r-xp 00047000 08:01 9183253                    /usr/lib/x86_64-linux-gnu/libpango-1.0.so.0.2800.4
7fb0eeb41000-7fb0eeb42000 rwxp 00049000 08:01 9183253                    /usr/lib/x86_64-linux-gnu/libpango-1.0.so.0.2800.4
7fb0eeb42000-7fb0eeb6d000 r-xp 00000000 08:01 9183256                    /usr/lib/x86_64-linux-gnu/libpangoft2-1.0.so.0.2800.4
7fb0eeb6d000-7fb0eed6c000 ---p 0002b000 08:01 9183256                    /usr/lib/x86_64-linux-gnu/libpangoft2-1.0.so.0.2800.4
7fb0eed6c000-7fb0eed6d000 r-xp 0002a000 08:01 9183256                    /usr/lib/x86_64-linux-gnu/libpangoft2-1.0.so.0.2800.4
7fb0eed6d000-7fb0eed6e000 rwxp 0002b000 08:01 9183256                    /usr/lib/x86_64-linux-gnu/libpangoft2-1.0.so.0.2800.4
7fb0eed6e000-7fb0eee92000 r-xp 00000000 08:01 9175874                    /usr/lib/x86_64-linux-gnu/libgio-2.0.so.0.2800.6
7fb0eee92000-7fb0ef091000 ---p 00124000 08:01 9175874                    /usr/lib/x86_64-linux-gnu/libgio-2.0.so.0.2800.6
7fb0ef091000-7fb0ef095000 r-xp 00123000 08:01 9175874                    /usr/lib/x86_64-linux-gnu/libgio-2.0.so.0.2800.6
7fb0ef095000-7fb0ef097000 rwxp 00127000 08:01 9175874                    /usr/lib/x86_64-linux-gnu/libgio-2.0.so.0.2800.6
7fb0ef097000-7fb0ef099000 rwxp 00000000 00:00 0 
7fb0ef099000-7fb0ef0b8000 r-xp 00000000 08:01 9183226                    /usr/lib/libgdk_pixbuf-2.0.so.0.2300.3
7fb0ef0b8000-7fb0ef2b7000 ---p 0001f000 08:01 9183226                    /usr/lib/libgdk_pixbuf-2.0.so.0.2300.3
7fb0ef2b7000-7fb0ef2b8000 r-xp 0001e000 08:01 9183226                    /usr/lib/libgdk_pixbuf-2.0.so.0.2300.3
7fb0ef2b8000-7fb0ef2b9000 rwxp 0001f000 08:01 9183226                    /usr/lib/libgdk_pixbuf-2.0.so.0.2300.3
7fb0ef2b9000-7fb0ef374000 r-xp 00000000 08:01 9182816                    /usr/lib/libcairo.so.2.11000.2
7fb0ef374000-7fb0ef574000 ---p 000bb000 08:01 9182816                    /usr/lib/libcairo.so.2.11000.2
7fb0ef574000-7fb0ef576000 r-xp 000bb000 08:01 9182816                    /usr/lib/libcairo.so.2.11000.2
7fb0ef576000-7fb0ef577000 rwxp 000bd000 08:01 9182816                    /usr/lib/libcairo.so.2.11000.2
7fb0ef577000-7fb0ef57a000 rwxp 00000000 00:00 0 
7fb0ef57a000-7fb0ef598000 r-xp 00000000 08:01 9183158                    /usr/lib/x86_64-linux-gnu/libatk-1.0.so.0.9.1
7fb0ef598000-7fb0ef798000 ---p 0001e000 08:01 9183158                    /usr/lib/x86_64-linux-gnu/libatk-1.0.so.0.9.1
7fb0ef798000-7fb0ef79a000 r-xp 0001e000 08:01 9183158                    /usr/lib/x86_64-linux-gnu/libatk-1.0.so.0.9.1
7fb0ef79a000-7fb0ef79b000 rwxp 00020000 08:01 9183158                    /usr/lib/x86_64-linux-gnu/libatk-1.0.so.0.9.1
7fb0ef79b000-7fb0ef7a0000 r-xp 00000000 08:01 9182900                    /usr/lib/x86_64-linux-gnu/libXfixes.so.3.1.0
7fb0ef7a0000-7fb0ef99f000 ---p 00005000 08:01 9182900                    /usr/lib/x86_64-linux-gnu/libXfixes.so.3.1.0
7fb0ef99f000-7fb0ef9a0000 r-xp 00004000 08:01 9182900                    /usr/lib/x86_64-linux-gnu/libXfixes.so.3.1.0
7fb0ef9a0000-7fb0ef9a1000 rwxp 00005000 08:01 9182900                    /usr/lib/x86_64-linux-gnu/libXfixes.so.3.1.0
7fb0ef9a1000-7fb0ef9a3000 r-xp 00000000 08:01 9183267                    /usr/lib/x86_64-linux-gnu/libXdamage.so.1.1.0
7fb0ef9a3000-7fb0efba2000 ---p 00002000 08:01 9183267                    /usr/lib/x86_64-linux-gnu/libXdamage.so.1.1.0
7fb0efba2000-7fb0efba3000 r-xp 00001000 08:01 9183267                    /usr/lib/x86_64-linux-gnu/libXdamage.so.1.1.0
7fb0efba3000-7fb0efba4000 rwxp 00002000 08:01 9183267                    /usr/lib/x86_64-linux-gnu/libXdamage.so.1.1.0
7fb0efba4000-7fb0efba6000 r-xp 00000000 08:01 9183263                    /usr/lib/x86_64-linux-gnu/libXcomposite.so.1.0.0
7fb0efba6000-7fb0efda5000 ---p 00002000 08:01 9183263                    /usr/lib/x86_64-linux-gnu/libXcomposite.so.1.0.0
7fb0efda5000-7fb0efda6000 r-xp 00001000 08:01 9183263                    /usr/lib/x86_64-linux-gnu/libXcomposite.so.1.0.0
7fb0efda6000-7fb0efda7000 rwxp 00002000 08:01 9183263                    /usr/lib/x86_64-linux-gnu/libXcomposite.so.1.0.0
7fb0efda7000-7fb0efedc000 r-xp 00000000 08:01 9182749                    /usr/lib/x86_64-linux-gnu/libX11.so.6.3.0
7fb0efedc000-7fb0f00dc000 ---p 00135000 08:01 9182749                    /usr/lib/x86_64-linux-gnu/libX11.so.6.3.0
7fb0f00dc000-7fb0f00dd000 r-xp 00135000 08:01 9182749                    /usr/lib/x86_64-linux-gnu/libX11.so.6.3.0
7fb0f00dd000-7fb0f00e1000 rwxp 00136000 08:01 9182749                    /usr/lib/x86_64-linux-gnu/libX11.so.6.3.0
7fb0f00e1000-7fb0f00ec000 r-xp 00000000 08:01 9183254                    /usr/lib/x86_64-linux-gnu/libpangocairo-1.0.so.0.2800.4
7fb0f00ec000-7fb0f02ec000 ---p 0000b000 08:01 9183254                    /usr/lib/x86_64-linux-gnu/libpangocairo-1.0.so.0.2800.4
7fb0f02ec000-7fb0f02ed000 r-xp 0000b000 08:01 9183254                    /usr/lib/x86_64-linux-gnu/libpangocairo-1.0.so.0.2800.4
7fb0f02ed000-7fb0f02ee000 rwxp 0000c000 08:01 9183254                    /usr/lib/x86_64-linux-gnu/libpangocairo-1.0.so.0.2800.4
7fb0f02ee000-7fb0f039c000 r-xp 00000000 08:01 9183277                    /usr/lib/libgdk-x11-2.0.so.0.2400.4
7fb0f039c000-7fb0f059b000 ---p 000ae000 08:01 9183277                    /usr/lib/libgdk-x11-2.0.so.0.2400.4
7fb0f059b000-7fb0f059f000 r-xp 000ad000 08:01 9183277                    /usr/lib/libgdk-x11-2.0.so.0.2400.4
7fb0f059f000-7fb0f05a1000 rwxp 000b1000 08:01 9183277                    /usr/lib/libgdk-x11-2.0.so.0.2400.4
7fb0f05a1000-7fb0f05a6000 r-xp 00000000 08:01 9183015                    /usr/lib/libXtst.so.6.1.0
7fb0f05a6000-7fb0f07a5000 ---p 00005000 08:01 9183015                    /usr/lib/libXtst.so.6.1.0
7fb0f07a5000-7fb0f07a6000 r-xp 00004000 08:01 9183015                    /usr/lib/libXtst.so.6.1.0
7fb0f07a6000-7fb0f07a7000 rwxp 00005000 08:01 9183015                    /usr/lib/libXtst.so.6.1.0
7fb0f07a7000-7fb0f07ab000 r-xp 00000000 08:01 9175869                    /usr/lib/x86_64-linux-gnu/libgthread-2.0.so.0.2800.6
7fb0f07ab000-7fb0f09aa000 ---p 00004000 08:01 9175869                    /usr/lib/x86_64-linux-gnu/libgthread-2.0.so.0.2800.6
7fb0f09aa000-7fb0f09ab000 r-xp 00003000 08:01 9175869                    /usr/lib/x86_64-linux-gnu/libgthread-2.0.so.0.2800.6
7fb0f09ab000-7fb0f09ac000 rwxp 00004000 08:01 9175869                    /usr/lib/x86_64-linux-gnu/libgthread-2.0.so.0.2800.6
7fb0f09ac000-7fb0f0de2000 r-xp 00000000 08:01 9183276                    /usr/lib/libgtk-x11-2.0.so.0.2400.4
7fb0f0de2000-7fb0f0fe2000 ---p 00436000 08:01 9183276                    /usr/lib/libgtk-x11-2.0.so.0.2400.4
7fb0f0fe2000-7fb0f0fe9000 r-xp 00436000 08:01 9183276                    /usr/lib/libgtk-x11-2.0.so.0.2400.4
7fb0f0fe9000-7fb0f0fed000 rwxp 0043d000 08:01 9183276                    /usr/lib/libgtk-x11-2.0.so.0.2400.4
7fb0f0fed000-7fb0f0fef000 rwxp 00000000 00:00 0 
7fb0f0fef000-7fb0f105b000 r-xp 00000000 08:01 7602263                    /tmp/swtlib-64/libswt-pi-gtk-3557.so
7fb0f105b000-7fb0f115a000 ---p 0006c000 08:01 7602263                    /tmp/swtlib-64/libswt-pi-gtk-3557.so
7fb0f115a000-7fb0f115e000 rwxp 0006b000 08:01 7602263                    /tmp/swtlib-64/libswt-pi-gtk-3557.so
7fb0f115e000-7fb0f115f000 rwxp 00000000 00:00 0 
7fb0f115f000-7fb0f119f000 r-xp 00000000 08:01 7602262                    /tmp/swtlib-64/libswt-gtk-3557.so
7fb0f119f000-7fb0f129f000 ---p 00040000 08:01 7602262                    /tmp/swtlib-64/libswt-gtk-3557.so
7fb0f129f000-7fb0f12a3000 rwxp 00040000 08:01 7602262                    /tmp/swtlib-64/libswt-gtk-3557.so
7fb0f12a3000-7fb0f12a4000 rwxp 00000000 00:00 0 
7fb0f12a4000-7fb0f12b9000 r-xp 00000000 08:01 39583788                   /lib/x86_64-linux-gnu/libgcc_s.so.1
7fb0f12b9000-7fb0f14b8000 ---p 00015000 08:01 39583788                   /lib/x86_64-linux-gnu/libgcc_s.so.1
7fb0f14b8000-7fb0f14b9000 r-xp 00014000 08:01 39583788                   /lib/x86_64-linux-gnu/libgcc_s.so.1
7fb0f14b9000-7fb0f14ba000 rwxp 00015000 08:01 39583788                   /lib/x86_64-linux-gnu/libgcc_s.so.1
7fb0f14ba000-7fb0f15a2000 r-xp 00000000 08:01 9179628                    /usr/lib/x86_64-linux-gnu/libstdc++.so.6.0.14
7fb0f15a2000-7fb0f17a1000 ---p 000e8000 08:01 9179628                    /usr/lib/x86_64-linux-gnu/libstdc++.so.6.0.14
7fb0f17a1000-7fb0f17a9000 r-xp 000e7000 08:01 9179628                    /usr/lib/x86_64-linux-gnu/libstdc++.so.6.0.14
7fb0f17a9000-7fb0f17ab000 rwxp 000ef000 08:01 9179628                    /usr/lib/x86_64-linux-gnu/libstdc++.so.6.0.14
7fb0f17ab000-7fb0f17c0000 rwxp 00000000 00:00 0 
7fb0f17c0000-7fb0f17c5000 r-xs 00000000 08:01 31330026                   /var/cache/fontconfig/515ca1ebc4b18308bea979be5704f9db-le64.cache-3
7fb0f17c5000-7fb0f17d5000 r-xs 00000000 08:01 31329014                   /var/cache/fontconfig/0f34bcd4b6ee430af32735b75db7f02b-le64.cache-3
7fb0f17d5000-7fb0f17df000 r-xs 00000000 08:01 31329004                   /var/cache/fontconfig/d52a8644073d54c13679302ca1180695-le64.cache-3
7fb0f17df000-7fb0f17f1000 r-xp 00000000 08:01 35390169                   /home/mininger/sandbox/lib/libElementXML.so
7fb0f17f1000-7fb0f19f0000 ---p 00012000 08:01 35390169                   /home/mininger/sandbox/lib/libElementXML.so
7fb0f19f0000-7fb0f19f1000 r-xp 00011000 08:01 35390169                   /home/mininger/sandbox/lib/libElementXML.so
7fb0f19f1000-7fb0f19f2000 rwxp 00012000 08:01 35390169                   /home/mininger/sandbox/lib/libElementXML.so
7fb0f19f2000-7fb0f1a6d000 r-xp 00000000 08:01 35389940                   /home/mininger/sandbox/lib/libJava_sml_ClientInterface.so
7fb0f1a6d000-7fb0f1c6c000 ---p 0007b000 08:01 35389940                   /home/mininger/sandbox/lib/libJava_sml_ClientInterface.so
7fb0f1c6c000-7fb0f1c70000 r-xp 0007a000 08:01 35389940                   /home/mininger/sandbox/lib/libJava_sml_ClientInterface.so
7fb0f1c70000-7fb0f1c71000 rwxp 0007e000 08:01 35389940                   /home/mininger/sandbox/lib/libJava_sml_ClientInterface.so
7fb0f1c71000-7fb0f1c74000 ---p 00000000 00:00 0 
7fb0f1c74000-7fb0f1d72000 rwxp 00000000 00:00 0 
7fb0f1d72000-7fb0f1d85000 r-xs 00211000 08:01 35914742                   /home/mininger/sandbox/share/java/swt.jar
7fb0f1d85000-7fb0f1d86000 ---p 00000000 00:00 0 
7fb0f1d86000-7fb0f1e86000 rwxp 00000000 00:00 0 
7fb0f1e86000-7fb0f1e89000 ---p 00000000 00:00 0 
7fb0f1e89000-7fb0f1f87000 rwxp 00000000 00:00 0 
7fb0f1f87000-7fb0f1f8a000 ---p 00000000 00:00 0 
7fb0f1f8a000-7fb0f2088000 rwxp 00000000 00:00 0 
7fb0f2088000-7fb0f208b000 ---p 00000000 00:00 0 
7fb0f208b000-7fb0f2189000 rwxp 00000000 00:00 0 
7fb0f2189000-7fb0f218c000 ---p 00000000 00:00 0 
7fb0f218c000-7fb0f228a000 rwxp 00000000 00:00 0 
7fb0f228a000-7fb0f252e000 r-xp 00000000 08:01 9180342                    /usr/lib/locale/locale-archive
7fb0f252e000-7fb0f2531000 ---p 00000000 00:00 0 
7fb0f2531000-7fb0f262f000 rwxp 00000000 00:00 0 
7fb0f262f000-7fb0f2632000 ---p 00000000 00:00 0 
7fb0f2632000-7fb0f2730000 rwxp 00000000 00:00 0 
7fb0f2730000-7fb0f2731000 ---p 00000000 00:00 0 
7fb0f2731000-7fb0f2b68000 rwxp 00000000 00:00 0 
7fb0f2b68000-7fb0f2d00000 r-xs 03029000 08:01 13375141                   /usr/lib/jvm/java-6-sun-1.6.0.26/jre/lib/rt.jar
7fb0f2d00000-7fb0f2d01000 ---p 00000000 00:00 0 
7fb0f2d01000-7fb0f2e01000 rwxp 00000000 00:00 0 
7fb0f2e01000-7fb0f2e02000 ---p 00000000 00:00 0 
7fb0f2e02000-7fb0f2f0d000 rwxp 00000000 00:00 0 
7fb0f2f0d000-7fb0f2f2b000 rwxp 00000000 00:00 0 
7fb0f2f2b000-7fb0f2f40000 rwxp 00000000 00:00 0 
7fb0f2f40000-7fb0f3071000 rwxp 00000000 00:00 0 
7fb0f3071000-7fb0f307c000 rwxp 00000000 00:00 0 
7fb0f307c000-7fb0f309a000 rwxp 00000000 00:00 0 
7fb0f309a000-7fb0f30af000 rwxp 00000000 00:00 0 
7fb0f30af000-7fb0f31df000 rwxp 00000000 00:00 0 
7fb0f31df000-7fb0f31ea000 rwxp 00000000 00:00 0 
7fb0f31ea000-7fb0f3282000 rwxp 00000000 00:00 0 
7fb0f3282000-7fb0f34f3000 rwxp 00000000 00:00 0 
7fb0f34f3000-7fb0f6283000 rwxp 00000000 00:00 0 
7fb0f6283000-7fb0f6291000 r-xp 00000000 08:01 13375039                   /usr/lib/jvm/java-6-sun-1.6.0.26/jre/lib/amd64/libzip.so
7fb0f6291000-7fb0f6393000 ---p 0000e000 08:01 13375039                   /usr/lib/jvm/java-6-sun-1.6.0.26/jre/lib/amd64/libzip.so
7fb0f6393000-7fb0f6396000 rwxp 00010000 08:01 13375039                   /usr/lib/jvm/java-6-sun-1.6.0.26/jre/lib/amd64/libzip.so
7fb0f6396000-7fb0f6397000 rwxp 00000000 00:00 0 
7fb0f6397000-7fb0f63a3000 r-xp 00000000 08:01 39583776                   /lib/x86_64-linux-gnu/libnss_files-2.13.so
7fb0f63a3000-7fb0f65a2000 ---p 0000c000 08:01 39583776                   /lib/x86_64-linux-gnu/libnss_files-2.13.so
7fb0f65a2000-7fb0f65a3000 r-xp 0000b000 08:01 39583776                   /lib/x86_64-linux-gnu/libnss_files-2.13.so
7fb0f65a3000-7fb0f65a4000 rwxp 0000c000 08:01 39583776                   /lib/x86_64-linux-gnu/libnss_files-2.13.so
7fb0f65a4000-7fb0f65af000 r-xp 00000000 08:01 39583778                   /lib/x86_64-linux-gnu/libnss_nis-2.13.so
7fb0f65af000-7fb0f67ae000 ---p 0000b000 08:01 39583778                   /lib/x86_64-linux-gnu/libnss_nis-2.13.so
7fb0f67ae000-7fb0f67af000 r-xp 0000a000 08:01 39583778                   /lib/x86_64-linux-gnu/libnss_nis-2.13.so
7fb0f67af000-7fb0f67b0000 rwxp 0000b000 08:01 39583778                   /lib/x86_64-linux-gnu/libnss_nis-2.13.so
7fb0f67b0000-7fb0f67b8000 r-xp 00000000 08:01 39583774                   /lib/x86_64-linux-gnu/libnss_compat-2.13.so
7fb0f67b8000-7fb0f69b7000 ---p 00008000 08:01 39583774                   /lib/x86_64-linux-gnu/libnss_compat-2.13.so
7fb0f69b7000-7fb0f69b8000 r-xp 00007000 08:01 39583774                   /lib/x86_64-linux-gnu/libnss_compat-2.13.so
7fb0f69b8000-7fb0f69b9000 rwxp 00008000 08:01 39583774                   /lib/x86_64-linux-gnu/libnss_compat-2.13.so
7fb0f69b9000-7fb0f69d0000 r-xp 00000000 08:01 39583773                   /lib/x86_64-linux-gnu/libnsl-2.13.so
7fb0f69d0000-7fb0f6bcf000 ---p 00017000 08:01 39583773                   /lib/x86_64-linux-gnu/libnsl-2.13.so
7fb0f6bcf000-7fb0f6bd0000 r-xp 00016000 08:01 39583773                   /lib/x86_64-linux-gnu/libnsl-2.13.so
7fb0f6bd0000-7fb0f6bd1000 rwxp 00017000 08:01 39583773                   /lib/x86_64-linux-gnu/libnsl-2.13.so
7fb0f6bd1000-7fb0f6bd3000 rwxp 00000000 00:00 0 
7fb0f6bd3000-7fb0f6bfc000 r-xp 00000000 08:01 13375038                   /usr/lib/jvm/java-6-sun-1.6.0.26/jre/lib/amd64/libjava.so
7fb0f6bfc000-7fb0f6cfb000 ---p 00029000 08:01 13375038                   /usr/lib/jvm/java-6-sun-1.6.0.26/jre/lib/amd64/libjava.so
7fb0f6cfb000-7fb0f6d02000 rwxp 00028000 08:01 13375038                   /usr/lib/jvm/java-6-sun-1.6.0.26/jre/lib/amd64/libjava.so
7fb0f6d02000-7fb0f6d0f000 r-xp 00000000 08:01 13375016                   /usr/lib/jvm/java-6-sun-1.6.0.26/jre/lib/amd64/libverify.so
7fb0f6d0f000-7fb0f6e0e000 ---p 0000d000 08:01 13375016                   /usr/lib/jvm/java-6-sun-1.6.0.26/jre/lib/amd64/libverify.so
7fb0f6e0e000-7fb0f6e11000 rwxp 0000c000 08:01 13375016                   /usr/lib/jvm/java-6-sun-1.6.0.26/jre/lib/amd64/libverify.so
7fb0f6e11000-7fb0f6e18000 r-xp 00000000 08:01 39583783                   /lib/x86_64-linux-gnu/librt-2.13.so
7fb0f6e18000-7fb0f7017000 ---p 00007000 08:01 39583783                   /lib/x86_64-linux-gnu/librt-2.13.so
7fb0f7017000-7fb0f7018000 r-xp 00006000 08:01 39583783                   /lib/x86_64-linux-gnu/librt-2.13.so
7fb0f7018000-7fb0f7019000 rwxp 00007000 08:01 39583783                   /lib/x86_64-linux-gnu/librt-2.13.so
7fb0f7019000-7fb0f701c000 ---p 00000000 00:00 0 
7fb0f701c000-7fb0f711a000 rwxp 00000000 00:00 0 
7fb0f711a000-7fb0f719e000 r-xp 00000000 08:01 39583771                   /lib/x86_64-linux-gnu/libm-2.13.so
7fb0f719e000-7fb0f739d000 ---p 00084000 08:01 39583771                   /lib/x86_64-linux-gnu/libm-2.13.so
7fb0f739d000-7fb0f739e000 r-xp 00083000 08:01 39583771                   /lib/x86_64-linux-gnu/libm-2.13.so
7fb0f739e000-7fb0f739f000 rwxp 00084000 08:01 39583771                   /lib/x86_64-linux-gnu/libm-2.13.so
7fb0f739f000-7fb0f7cb9000 r-xp 00000000 08:01 13375042                   /usr/lib/jvm/java-6-sun-1.6.0.26/jre/lib/amd64/server/libjvm.so
7fb0f7cb9000-7fb0f7dbb000 ---p 0091a000 08:01 13375042                   /usr/lib/jvm/java-6-sun-1.6.0.26/jre/lib/amd64/server/libjvm.so
7fb0f7dbb000-7fb0f7f70000 rwxp 0091c000 08:01 13375042                   /usr/lib/jvm/java-6-sun-1.6.0.26/jre/lib/amd64/server/libjvm.so
7fb0f7f70000-7fb0f7faa000 rwxp 00000000 00:00 0 
7fb0f7faa000-7fb0f8134000 r-xp 00000000 08:01 39583763                   /lib/x86_64-linux-gnu/libc-2.13.so
7fb0f8134000-7fb0f8333000 ---p 0018a000 08:01 39583763                   /lib/x86_64-linux-gnu/libc-2.13.so
7fb0f8333000-7fb0f8337000 r-xp 00189000 08:01 39583763                   /lib/x86_64-linux-gnu/libc-2.13.so
7fb0f8337000-7fb0f8338000 rwxp 0018d000 08:01 39583763                   /lib/x86_64-linux-gnu/libc-2.13.so
7fb0f8338000-7fb0f833e000 rwxp 00000000 00:00 0 
7fb0f833e000-7fb0f8340000 r-xp 00000000 08:01 39583770                   /lib/x86_64-linux-gnu/libdl-2.13.so
7fb0f8340000-7fb0f8540000 ---p 00002000 08:01 39583770                   /lib/x86_64-linux-gnu/libdl-2.13.so
7fb0f8540000-7fb0f8541000 r-xp 00002000 08:01 39583770                   /lib/x86_64-linux-gnu/libdl-2.13.so
7fb0f8541000-7fb0f8542000 rwxp 00003000 08:01 39583770                   /lib/x86_64-linux-gnu/libdl-2.13.so
7fb0f8542000-7fb0f855a000 r-xp 00000000 08:01 39583781                   /lib/x86_64-linux-gnu/libpthread-2.13.so
7fb0f855a000-7fb0f875a000 ---p 00018000 08:01 39583781                   /lib/x86_64-linux-gnu/libpthread-2.13.so
7fb0f875a000-7fb0f875b000 r-xp 00018000 08:01 39583781                   /lib/x86_64-linux-gnu/libpthread-2.13.so
7fb0f875b000-7fb0f875c000 rwxp 00019000 08:01 39583781                   /lib/x86_64-linux-gnu/libpthread-2.13.so
7fb0f875c000-7fb0f8760000 rwxp 00000000 00:00 0 
7fb0f8760000-7fb0f8781000 r-xp 00000000 08:01 39583760                   /lib/x86_64-linux-gnu/ld-2.13.so
7fb0f8781000-7fb0f8782000 r-xs 00000000 08:01 31329017                   /var/cache/fontconfig/6a53c69dea097a2d716e069445527da8-le64.cache-3
7fb0f8782000-7fb0f8785000 r-xs 00000000 08:01 31329013                   /var/cache/fontconfig/d60319d88cac85ba9e1a07bd06cfbb8c-le64.cache-3
7fb0f8785000-7fb0f8786000 r-xs 00000000 08:01 31329642                   /var/cache/fontconfig/4794a0821666d79190d59a36cb4f44b5-le64.cache-3
7fb0f8786000-7fb0f8791000 r-xs 00000000 08:01 31330234                   /var/cache/fontconfig/e13b20fdb08344e0e664864cc2ede53d-le64.cache-3
7fb0f8791000-7fb0f879b000 rwxp 00000000 00:00 0 
7fb0f879b000-7fb0f8851000 rwxp 00000000 00:00 0 
7fb0f8851000-7fb0f8854000 rwxp 00000000 00:00 0 
7fb0f8854000-7fb0f885b000 r-xp 00000000 08:01 13375013                   /usr/lib/jvm/java-6-sun-1.6.0.26/jre/lib/amd64/jli/libjli.so
7fb0f885b000-7fb0f895c000 ---p 00007000 08:01 13375013                   /usr/lib/jvm/java-6-sun-1.6.0.26/jre/lib/amd64/jli/libjli.so
7fb0f895c000-7fb0f895e000 rwxp 00008000 08:01 13375013                   /usr/lib/jvm/java-6-sun-1.6.0.26/jre/lib/amd64/jli/libjli.so
7fb0f895e000-7fb0f895f000 rwxp 00000000 00:00 0 
7fb0f895f000-7fb0f8963000 r-xs 00000000 08:01 31330010                   /var/cache/fontconfig/7ef2298fde41cc6eeb7af42e48b7d293-le64.cache-3
7fb0f8963000-7fb0f8968000 r-xs 00028000 08:01 35914415                   /home/mininger/sandbox/share/java/sml.jar
7fb0f8968000-7fb0f896a000 r-xs 00008000 08:01 35915228                   /home/mininger/sandbox/share/java/soar-smljava-9.3.1.jar
7fb0f896a000-7fb0f8973000 r-xs 0006f000 08:01 35915355                   /home/mininger/sandbox/share/java/soar-debugger-9.3.1.jar
7fb0f8973000-7fb0f8974000 r-xs 00000000 08:01 35391894                   /home/mininger/sandbox/bin/SoarJavaDebugger.jar
7fb0f8974000-7fb0f897c000 rwxs 00000000 08:01 7602311                    /tmp/hsperfdata_mininger/17494
7fb0f897c000-7fb0f897d000 rwxp 00000000 00:00 0 
7fb0f897d000-7fb0f897e000 r-xp 00000000 00:00 0 
7fb0f897e000-7fb0f8980000 rwxp 00000000 00:00 0 
7fb0f8980000-7fb0f8981000 r-xp 00020000 08:01 39583760                   /lib/x86_64-linux-gnu/ld-2.13.so
7fb0f8981000-7fb0f8983000 rwxp 00021000 08:01 39583760                   /lib/x86_64-linux-gnu/ld-2.13.so
7fff1eeaf000-7fff1eed0000 rwxp 00000000 00:00 0                          [stack]
7fff1efff000-7fff1f000000 r-xp 00000000 00:00 0                          [vdso]
ffffffffff600000-ffffffffff601000 r-xp 00000000 00:00 0                  [vsyscall]

VM Arguments:
java_command: /home/mininger/sandbox/bin/SoarJavaDebugger.jar -remote -port 12121 -agent sbolt
Launcher Type: SUN_STANDARD

Environment Variables:
CLASSPATH=/home/mininger/sandbox/bin/SoarJavaDebugger.jar
PATH=/usr/local/sbin:/usr/local/bin:/usr/sbin:/usr/bin:/sbin:/bin:/usr/games
USERNAME=mininger
LD_LIBRARY_PATH=/usr/lib/jvm/java-6-sun-1.6.0.26/jre/lib/amd64/server:/usr/lib/jvm/java-6-sun-1.6.0.26/jre/lib/amd64:/usr/lib/jvm/java-6-sun-1.6.0.26/jre/../lib/amd64:/home/mininger/sandbox/lib
SHELL=/bin/bash
DISPLAY=:0.0

Signal Handlers:
SIGSEGV: [libjvm.so+0x85f800], sa_mask[0]=0x7ffbfeff, sa_flags=0x10000004
SIGBUS: [libjvm.so+0x85f800], sa_mask[0]=0x7ffbfeff, sa_flags=0x10000004
SIGFPE: [libjvm.so+0x70e300], sa_mask[0]=0x7ffbfeff, sa_flags=0x10000004
SIGPIPE: SIG_IGN, sa_mask[0]=0x00000000, sa_flags=0x00000000
SIGXFSZ: [libjvm.so+0x70e300], sa_mask[0]=0x7ffbfeff, sa_flags=0x10000004
SIGILL: [libjvm.so+0x70e300], sa_mask[0]=0x7ffbfeff, sa_flags=0x10000004
SIGUSR1: SIG_DFL, sa_mask[0]=0x00000000, sa_flags=0x00000000
SIGUSR2: [libjvm.so+0x711110], sa_mask[0]=0x00000004, sa_flags=0x10000004
SIGHUP: [libjvm.so+0x710d10], sa_mask[0]=0x7ffbfeff, sa_flags=0x10000004
SIGINT: [libjvm.so+0x710d10], sa_mask[0]=0x7ffbfeff, sa_flags=0x10000004
SIGTERM: [libjvm.so+0x710d10], sa_mask[0]=0x7ffbfeff, sa_flags=0x10000004
SIGQUIT: [libjvm.so+0x710d10], sa_mask[0]=0x7ffbfeff, sa_flags=0x10000004


---------------  S Y S T E M  ---------------

OS:squeeze/sid

uname:Linux 2.6.38-12-generic #51-Ubuntu SMP Wed Sep 28 14:27:32 UTC 2011 x86_64
libc:glibc 2.13 NPTL 2.13 
rlimit: STACK 8192k, CORE 0k, NPROC infinity, NOFILE 4096, AS infinity
load average:0.51 0.24 0.16

/proc/meminfo:
MemTotal:        3989544 kB
MemFree:         1256660 kB
Buffers:          220320 kB
Cached:           835324 kB
SwapCached:        71408 kB
Active:          1541680 kB
Inactive:         728552 kB
Active(anon):    1038044 kB
Inactive(anon):   189728 kB
Active(file):     503636 kB
Inactive(file):   538824 kB
Unevictable:           0 kB
Mlocked:               0 kB
SwapTotal:       4124668 kB
SwapFree:        3955352 kB
Dirty:               268 kB
Writeback:             0 kB
AnonPages:       1182992 kB
Mapped:           164416 kB
Shmem:             13036 kB
Slab:             143044 kB
SReclaimable:     118572 kB
SUnreclaim:        24472 kB
KernelStack:        3680 kB
PageTables:        29300 kB
NFS_Unstable:          0 kB
Bounce:                0 kB
WritebackTmp:          0 kB
CommitLimit:     6119440 kB
Committed_AS:    3114816 kB
VmallocTotal:   34359738367 kB
VmallocUsed:      130348 kB
VmallocChunk:   34359539312 kB
HardwareCorrupted:     0 kB
HugePages_Total:       0
HugePages_Free:        0
HugePages_Rsvd:        0
HugePages_Surp:        0
Hugepagesize:       2048 kB
DirectMap4k:     1284584 kB
DirectMap2M:     2842624 kB


CPU:total 2 (2 cores per cpu, 1 threads per core) family 6 model 15 stepping 6, cmov, cx8, fxsr, mmx, sse, sse2, sse3, ssse3

/proc/cpuinfo:
processor	: 0
vendor_id	: GenuineIntel
cpu family	: 6
model		: 15
model name	: Intel(R) Core(TM)2 CPU          6700  @ 2.66GHz
stepping	: 6
cpu MHz		: 2659.830
cache size	: 4096 KB
physical id	: 0
siblings	: 2
core id		: 0
cpu cores	: 2
apicid		: 0
initial apicid	: 0
fpu		: yes
fpu_exception	: yes
cpuid level	: 10
wp		: yes
flags		: fpu vme de pse tsc msr pae mce cx8 apic sep mtrr pge mca cmov pat pse36 clflush dts acpi mmx fxsr sse sse2 ss ht tm pbe syscall nx lm constant_tsc arch_perfmon pebs bts rep_good nopl aperfmperf pni dtes64 monitor ds_cpl vmx est tm2 ssse3 cx16 xtpr pdcm lahf_lm dts tpr_shadow
bogomips	: 5319.66
clflush size	: 64
cache_alignment	: 64
address sizes	: 36 bits physical, 48 bits virtual
power management:

processor	: 1
vendor_id	: GenuineIntel
cpu family	: 6
model		: 15
model name	: Intel(R) Core(TM)2 CPU          6700  @ 2.66GHz
stepping	: 6
cpu MHz		: 2659.830
cache size	: 4096 KB
physical id	: 0
siblings	: 2
core id		: 1
cpu cores	: 2
apicid		: 1
initial apicid	: 1
fpu		: yes
fpu_exception	: yes
cpuid level	: 10
wp		: yes
flags		: fpu vme de pse tsc msr pae mce cx8 apic sep mtrr pge mca cmov pat pse36 clflush dts acpi mmx fxsr sse sse2 ss ht tm pbe syscall nx lm constant_tsc arch_perfmon pebs bts rep_good nopl aperfmperf pni dtes64 monitor ds_cpl vmx est tm2 ssse3 cx16 xtpr pdcm lahf_lm dts tpr_shadow
bogomips	: 5320.18
clflush size	: 64
cache_alignment	: 64
address sizes	: 36 bits physical, 48 bits virtual
power management:



Memory: 4k page, physical 3989544k(1256660k free), swap 4124668k(3955352k free)

vm_info: Java HotSpot(TM) 64-Bit Server VM (20.1-b02) for linux-amd64 JRE (1.6.0_26-b03), built on May  4 2011 01:13:47 by "java_re" with gcc 3.2.2 (SuSE Linux)

time: Fri Nov 11 16:46:11 2011
elapsed time: 78 seconds

